<?xml version='1.0'?>
<ns2:test-suite xmlns:ns2='urn:model.allure.qatools.yandex.ru' start='1593112093028' stop='1593112198682'>
    <name>Paid blocks</name>
    <title>Paid blocks</title>
    <test-cases>
        <test-case start='1593112131826' status='failed' stop='1593112176821'>
            <name>MailChimp Block</name>
            <title>MailChimp Block</title>
            <labels/>
            <parameters/>
            <steps>
                <step start='1593112131828' status='passed' stop='1593112140539'>
                    <name>Can visit the block editor and add a MailChimp block</name>
                    <title>Can visit the block editor and add a MailChimp block</title>
                    <attachments/>
                    <steps/>
                </step>
                <step start='1593112140539' status='undefined'>
                    <name>Can connect to a MailChimp</name>
                    <title>Can connect to a MailChimp</title>
                    <attachments>
                        <attachment title='Test failed: Paid blocks :: MailChimp Block' source='112c2512-a3a9-44e7-8bfc-f5595392cfa2-attachment.png' type='image/png' size='39200'/>
                    </attachments>
                    <steps/>
                </step>
            </steps>
            <attachments/>
            <failure>
                <message>Error: Protocol error (Page.captureScreenshot): Cannot take screenshot with 0 width.</message>
                <stack-trace>Error: Protocol error (Page.captureScreenshot): Cannot take screenshot with 0 width.
                    at Promise (/home/travis/build/Automattic/jetpack/node_modules/puppeteer/lib/Connection.js:183:56)
                    at new Promise (&lt;anonymous>)
                    at CDPSession.send (/home/travis/build/Automattic/jetpack/node_modules/puppeteer/lib/Connection.js:182:12)
                    at Page._screenshotTask (/home/travis/build/Automattic/jetpack/node_modules/puppeteer/lib/Page.js:948:39)
                    at process._tickCallback (internal/process/next_tick.js:68:7)
                  -- ASYNC --
                    at Page.&lt;anonymous> (/home/travis/build/Automattic/jetpack/node_modules/puppeteer/lib/helper.js:111:15)
                    at screenshot (/home/travis/build/Automattic/jetpack/tests/e2e/lib/reporters/screenshot.js:15:13)
                    at tryCatch (/home/travis/build/Automattic/jetpack/node_modules/@babel/runtime/node_modules/regenerator-runtime/runtime.js:45:40)
                    at Generator.invoke [as _invoke] (/home/travis/build/Automattic/jetpack/node_modules/@babel/runtime/node_modules/regenerator-runtime/runtime.js:274:22)
                    at Generator.prototype.(anonymous function) [as next] (/home/travis/build/Automattic/jetpack/node_modules/@babel/runtime/node_modules/regenerator-runtime/runtime.js:97:21)
                    at asyncGeneratorStep (/home/travis/build/Automattic/jetpack/node_modules/@babel/runtime/helpers/asyncToGenerator.js:3:24)
                    at _next (/home/travis/build/Automattic/jetpack/node_modules/@babel/runtime/helpers/asyncToGenerator.js:25:9)
                    at /home/travis/build/Automattic/jetpack/node_modules/@babel/runtime/helpers/asyncToGenerator.js:32:7
                    at new Promise (&lt;anonymous>)
                    at /home/travis/build/Automattic/jetpack/node_modules/@babel/runtime/helpers/asyncToGenerator.js:21:12</stack-trace>
            </failure>
        </test-case>
        <test-case start='1593112176822' status='failed' stop='1593112189735'>
            <name>Pay with PayPal</name>
            <title>Pay with PayPal</title>
            <labels/>
            <parameters/>
            <steps>
                <step start='1593112176822' status='passed' stop='1593112181270'>
                    <name>Can visit the block editor and add a Pay with PayPal block</name>
                    <title>Can visit the block editor and add a Pay with PayPal block</title>
                    <attachments/>
                    <steps/>
                </step>
                <step start='1593112181270' status='passed' stop='1593112186482'>
                    <name>Can fill details of Pay with PayPal block</name>
                    <title>Can fill details of Pay with PayPal block</title>
                    <attachments/>
                    <steps/>
                </step>
                <step start='1593112186482' status='passed' stop='1593112189516'>
                    <name>Can publish a post and assert that Pay with PayPal block is rendered</name>
                    <title>Can publish a post and assert that Pay with PayPal block is rendered</title>
                    <attachments/>
                    <steps/>
                </step>
            </steps>
            <attachments/>
            <failure>
                <message>Error: Protocol error (Page.captureScreenshot): Cannot take screenshot with 0 width.</message>
                <stack-trace>Error: Protocol error (Page.captureScreenshot): Cannot take screenshot with 0 width.
                    at Promise (/home/travis/build/Automattic/jetpack/node_modules/puppeteer/lib/Connection.js:183:56)
                    at new Promise (&lt;anonymous>)
                    at CDPSession.send (/home/travis/build/Automattic/jetpack/node_modules/puppeteer/lib/Connection.js:182:12)
                    at Page._screenshotTask (/home/travis/build/Automattic/jetpack/node_modules/puppeteer/lib/Page.js:948:39)
                    at process._tickCallback (internal/process/next_tick.js:68:7)
                  -- ASYNC --
                    at Page.&lt;anonymous> (/home/travis/build/Automattic/jetpack/node_modules/puppeteer/lib/helper.js:111:15)
                    at screenshot (/home/travis/build/Automattic/jetpack/tests/e2e/lib/reporters/screenshot.js:15:13)
                    at tryCatch (/home/travis/build/Automattic/jetpack/node_modules/@babel/runtime/node_modules/regenerator-runtime/runtime.js:45:40)
                    at Generator.invoke [as _invoke] (/home/travis/build/Automattic/jetpack/node_modules/@babel/runtime/node_modules/regenerator-runtime/runtime.js:274:22)
                    at Generator.prototype.(anonymous function) [as next] (/home/travis/build/Automattic/jetpack/node_modules/@babel/runtime/node_modules/regenerator-runtime/runtime.js:97:21)
                    at asyncGeneratorStep (/home/travis/build/Automattic/jetpack/node_modules/@babel/runtime/helpers/asyncToGenerator.js:3:24)
                    at _next (/home/travis/build/Automattic/jetpack/node_modules/@babel/runtime/helpers/asyncToGenerator.js:25:9)
                    at /home/travis/build/Automattic/jetpack/node_modules/@babel/runtime/helpers/asyncToGenerator.js:32:7
                    at new Promise (&lt;anonymous>)
                    at /home/travis/build/Automattic/jetpack/node_modules/@babel/runtime/helpers/asyncToGenerator.js:21:12</stack-trace>
            </failure>
        </test-case>
        <test-case start='1593112189735' status='failed' stop='1593112196908'>
            <name>WordAds block</name>
            <title>WordAds block</title>
            <labels/>
            <parameters/>
            <steps>
                <step start='1593112189736' status='passed' stop='1593112193326'>
                    <name>Can visit the block editor and add a WordAds block</name>
                    <title>Can visit the block editor and add a WordAds block</title>
                    <attachments/>
                    <steps/>
                </step>
                <step start='1593112193326' status='passed' stop='1593112194204'>
                    <name>Can switch to Wide Skyscraper ad format</name>
                    <title>Can switch to Wide Skyscraper ad format</title>
                    <attachments/>
                    <steps/>
                </step>
                <step start='1593112194204' status='passed' stop='1593112196877'>
                    <name>Can publish a post and assert that WordAds block is rendered</name>
                    <title>Can publish a post and assert that WordAds block is rendered</title>
                    <attachments/>
                    <steps/>
                </step>
            </steps>
            <attachments/>
            <failure>
                <message>Error: Protocol error (Page.captureScreenshot): Cannot take screenshot with 0 width.</message>
                <stack-trace>Error: Protocol error (Page.captureScreenshot): Cannot take screenshot with 0 width.
                    at Promise (/home/travis/build/Automattic/jetpack/node_modules/puppeteer/lib/Connection.js:183:56)
                    at new Promise (&lt;anonymous>)
                    at CDPSession.send (/home/travis/build/Automattic/jetpack/node_modules/puppeteer/lib/Connection.js:182:12)
                    at Page._screenshotTask (/home/travis/build/Automattic/jetpack/node_modules/puppeteer/lib/Page.js:948:39)
                    at process._tickCallback (internal/process/next_tick.js:68:7)
                  -- ASYNC --
                    at Page.&lt;anonymous> (/home/travis/build/Automattic/jetpack/node_modules/puppeteer/lib/helper.js:111:15)
                    at screenshot (/home/travis/build/Automattic/jetpack/tests/e2e/lib/reporters/screenshot.js:15:13)
                    at tryCatch (/home/travis/build/Automattic/jetpack/node_modules/@babel/runtime/node_modules/regenerator-runtime/runtime.js:45:40)
                    at Generator.invoke [as _invoke] (/home/travis/build/Automattic/jetpack/node_modules/@babel/runtime/node_modules/regenerator-runtime/runtime.js:274:22)
                    at Generator.prototype.(anonymous function) [as next] (/home/travis/build/Automattic/jetpack/node_modules/@babel/runtime/node_modules/regenerator-runtime/runtime.js:97:21)
                    at asyncGeneratorStep (/home/travis/build/Automattic/jetpack/node_modules/@babel/runtime/helpers/asyncToGenerator.js:3:24)
                    at _next (/home/travis/build/Automattic/jetpack/node_modules/@babel/runtime/helpers/asyncToGenerator.js:25:9)
                    at /home/travis/build/Automattic/jetpack/node_modules/@babel/runtime/helpers/asyncToGenerator.js:32:7
                    at new Promise (&lt;anonymous>)
                    at /home/travis/build/Automattic/jetpack/node_modules/@babel/runtime/helpers/asyncToGenerator.js:21:12</stack-trace>
            </failure>
        </test-case>
    </test-cases>
</ns2:test-suite>