<?xml version='1.0'?>
<ns2:test-suite xmlns:ns2='urn:model.allure.qatools.yandex.ru' start='1600186391470' stop='1600186480906'>
    <name>Jetpack pre-connection</name>
    <title>Jetpack pre-connection</title>
    <test-cases>
        <test-case start='1600186395545' status='failed' stop='1600186423724'>
            <name>Can find connect button on plugins page</name>
            <title>Can find connect button on plugins page</title>
            <labels/>
            <parameters/>
            <steps/>
            <attachments>
                <attachment title='Test failed: Jetpack pre-connection :: Can find connect button on plugins page' source='0fe35e73-9734-420b-a666-eb565c60b6d8-attachment.png' type='image/png' size='347477'/>
            </attachments>
            <failure>
                <message>TimeoutError: waiting for selector ".plan-features__table button.is-premium-plan:not([disabled])" failed: timeout 25000ms exceeded</message>
                <stack-trace>TimeoutError: waiting for selector ".plan-features__table button.is-premium-plan:not([disabled])" failed: timeout 25000ms exceeded
                    at new WaitTask (/home/travis/build/Automattic/jetpack/node_modules/puppeteer/lib/DOMWorld.js:549:28)
                    at DOMWorld._waitForSelectorOrXPath (/home/travis/build/Automattic/jetpack/node_modules/puppeteer/lib/DOMWorld.js:478:22)
                    at DOMWorld.waitForSelector (/home/travis/build/Automattic/jetpack/node_modules/puppeteer/lib/DOMWorld.js:432:17)
                    at Frame.waitForSelector (/home/travis/build/Automattic/jetpack/node_modules/puppeteer/lib/FrameManager.js:627:47)
                    at Frame.&lt;anonymous> (/home/travis/build/Automattic/jetpack/node_modules/puppeteer/lib/helper.js:112:23)
                    at Page.waitForSelector (/home/travis/build/Automattic/jetpack/node_modules/puppeteer/lib/Page.js:1122:29)
                    at waitForSelector (/home/travis/build/Automattic/jetpack/tests/e2e/lib/page-helper.js:33:30)
                    at tryCatch (/home/travis/build/Automattic/jetpack/node_modules/regenerator-runtime/runtime.js:45:40)
                    at Generator.invoke [as _invoke] (/home/travis/build/Automattic/jetpack/node_modules/regenerator-runtime/runtime.js:274:22)
                    at Generator.prototype.&lt;computed> [as next] (/home/travis/build/Automattic/jetpack/node_modules/regenerator-runtime/runtime.js:97:21)
                  -- ASYNC --
                    at Frame.&lt;anonymous> (/home/travis/build/Automattic/jetpack/node_modules/puppeteer/lib/helper.js:111:15)
                    at Page.waitForSelector (/home/travis/build/Automattic/jetpack/node_modules/puppeteer/lib/Page.js:1122:29)
                    at waitForSelector (/home/travis/build/Automattic/jetpack/tests/e2e/lib/page-helper.js:33:30)
                    at tryCatch (/home/travis/build/Automattic/jetpack/node_modules/regenerator-runtime/runtime.js:45:40)
                    at Generator.invoke [as _invoke] (/home/travis/build/Automattic/jetpack/node_modules/regenerator-runtime/runtime.js:274:22)
                    at Generator.prototype.&lt;computed> [as next] (/home/travis/build/Automattic/jetpack/node_modules/regenerator-runtime/runtime.js:97:21)
                    at asyncGeneratorStep (/home/travis/build/Automattic/jetpack/node_modules/@babel/runtime/helpers/asyncToGenerator.js:3:24)
                    at _next (/home/travis/build/Automattic/jetpack/node_modules/@babel/runtime/helpers/asyncToGenerator.js:25:9)
                    at /home/travis/build/Automattic/jetpack/node_modules/@babel/runtime/helpers/asyncToGenerator.js:32:7
                    at new Promise (&lt;anonymous>)</stack-trace>
            </failure>
        </test-case>
        <test-case start='1600186423724' status='failed' stop='1600186451904'>
            <name>Can find connect button on dashboard page</name>
            <title>Can find connect button on dashboard page</title>
            <labels/>
            <parameters/>
            <steps/>
            <attachments>
                <attachment title='Test failed: Jetpack pre-connection :: Can find connect button on dashboard page' source='663becae-6a1e-4a5d-9d95-3825a679abb3-attachment.png' type='image/png' size='347474'/>
            </attachments>
            <failure>
                <message>TimeoutError: waiting for selector ".plan-features__table button.is-premium-plan:not([disabled])" failed: timeout 25000ms exceeded</message>
                <stack-trace>TimeoutError: waiting for selector ".plan-features__table button.is-premium-plan:not([disabled])" failed: timeout 25000ms exceeded
                    at new WaitTask (/home/travis/build/Automattic/jetpack/node_modules/puppeteer/lib/DOMWorld.js:549:28)
                    at DOMWorld._waitForSelectorOrXPath (/home/travis/build/Automattic/jetpack/node_modules/puppeteer/lib/DOMWorld.js:478:22)
                    at DOMWorld.waitForSelector (/home/travis/build/Automattic/jetpack/node_modules/puppeteer/lib/DOMWorld.js:432:17)
                    at Frame.waitForSelector (/home/travis/build/Automattic/jetpack/node_modules/puppeteer/lib/FrameManager.js:627:47)
                    at Frame.&lt;anonymous> (/home/travis/build/Automattic/jetpack/node_modules/puppeteer/lib/helper.js:112:23)
                    at Page.waitForSelector (/home/travis/build/Automattic/jetpack/node_modules/puppeteer/lib/Page.js:1122:29)
                    at waitForSelector (/home/travis/build/Automattic/jetpack/tests/e2e/lib/page-helper.js:33:30)
                    at tryCatch (/home/travis/build/Automattic/jetpack/node_modules/regenerator-runtime/runtime.js:45:40)
                    at Generator.invoke [as _invoke] (/home/travis/build/Automattic/jetpack/node_modules/regenerator-runtime/runtime.js:274:22)
                    at Generator.prototype.&lt;computed> [as next] (/home/travis/build/Automattic/jetpack/node_modules/regenerator-runtime/runtime.js:97:21)
                  -- ASYNC --
                    at Frame.&lt;anonymous> (/home/travis/build/Automattic/jetpack/node_modules/puppeteer/lib/helper.js:111:15)
                    at Page.waitForSelector (/home/travis/build/Automattic/jetpack/node_modules/puppeteer/lib/Page.js:1122:29)
                    at waitForSelector (/home/travis/build/Automattic/jetpack/tests/e2e/lib/page-helper.js:33:30)
                    at tryCatch (/home/travis/build/Automattic/jetpack/node_modules/regenerator-runtime/runtime.js:45:40)
                    at Generator.invoke [as _invoke] (/home/travis/build/Automattic/jetpack/node_modules/regenerator-runtime/runtime.js:274:22)
                    at Generator.prototype.&lt;computed> [as next] (/home/travis/build/Automattic/jetpack/node_modules/regenerator-runtime/runtime.js:97:21)
                    at asyncGeneratorStep (/home/travis/build/Automattic/jetpack/node_modules/@babel/runtime/helpers/asyncToGenerator.js:3:24)
                    at _next (/home/travis/build/Automattic/jetpack/node_modules/@babel/runtime/helpers/asyncToGenerator.js:25:9)
                    at /home/travis/build/Automattic/jetpack/node_modules/@babel/runtime/helpers/asyncToGenerator.js:32:7
                    at new Promise (&lt;anonymous>)</stack-trace>
            </failure>
        </test-case>
        <test-case start='1600186451904' status='failed' stop='1600186480104'>
            <name>Can find connect button on Jetpack page</name>
            <title>Can find connect button on Jetpack page</title>
            <labels/>
            <parameters/>
            <steps/>
            <attachments>
                <attachment title='Test failed: Jetpack pre-connection :: Can find connect button on Jetpack page' source='2304ec60-62be-4fbc-9986-bd588c633e95-attachment.png' type='image/png' size='347492'/>
            </attachments>
            <failure>
                <message>TimeoutError: waiting for selector ".plan-features__table button.is-premium-plan:not([disabled])" failed: timeout 25000ms exceeded</message>
                <stack-trace>TimeoutError: waiting for selector ".plan-features__table button.is-premium-plan:not([disabled])" failed: timeout 25000ms exceeded
                    at new WaitTask (/home/travis/build/Automattic/jetpack/node_modules/puppeteer/lib/DOMWorld.js:549:28)
                    at DOMWorld._waitForSelectorOrXPath (/home/travis/build/Automattic/jetpack/node_modules/puppeteer/lib/DOMWorld.js:478:22)
                    at DOMWorld.waitForSelector (/home/travis/build/Automattic/jetpack/node_modules/puppeteer/lib/DOMWorld.js:432:17)
                    at Frame.waitForSelector (/home/travis/build/Automattic/jetpack/node_modules/puppeteer/lib/FrameManager.js:627:47)
                    at Frame.&lt;anonymous> (/home/travis/build/Automattic/jetpack/node_modules/puppeteer/lib/helper.js:112:23)
                    at Page.waitForSelector (/home/travis/build/Automattic/jetpack/node_modules/puppeteer/lib/Page.js:1122:29)
                    at waitForSelector (/home/travis/build/Automattic/jetpack/tests/e2e/lib/page-helper.js:33:30)
                    at tryCatch (/home/travis/build/Automattic/jetpack/node_modules/regenerator-runtime/runtime.js:45:40)
                    at Generator.invoke [as _invoke] (/home/travis/build/Automattic/jetpack/node_modules/regenerator-runtime/runtime.js:274:22)
                    at Generator.prototype.&lt;computed> [as next] (/home/travis/build/Automattic/jetpack/node_modules/regenerator-runtime/runtime.js:97:21)
                  -- ASYNC --
                    at Frame.&lt;anonymous> (/home/travis/build/Automattic/jetpack/node_modules/puppeteer/lib/helper.js:111:15)
                    at Page.waitForSelector (/home/travis/build/Automattic/jetpack/node_modules/puppeteer/lib/Page.js:1122:29)
                    at waitForSelector (/home/travis/build/Automattic/jetpack/tests/e2e/lib/page-helper.js:33:30)
                    at tryCatch (/home/travis/build/Automattic/jetpack/node_modules/regenerator-runtime/runtime.js:45:40)
                    at Generator.invoke [as _invoke] (/home/travis/build/Automattic/jetpack/node_modules/regenerator-runtime/runtime.js:274:22)
                    at Generator.prototype.&lt;computed> [as next] (/home/travis/build/Automattic/jetpack/node_modules/regenerator-runtime/runtime.js:97:21)
                    at asyncGeneratorStep (/home/travis/build/Automattic/jetpack/node_modules/@babel/runtime/helpers/asyncToGenerator.js:3:24)
                    at _next (/home/travis/build/Automattic/jetpack/node_modules/@babel/runtime/helpers/asyncToGenerator.js:25:9)
                    at /home/travis/build/Automattic/jetpack/node_modules/@babel/runtime/helpers/asyncToGenerator.js:32:7
                    at new Promise (&lt;anonymous>)</stack-trace>
            </failure>
        </test-case>
    </test-cases>
</ns2:test-suite>