<?xml version='1.0'?>
<ns2:test-suite xmlns:ns2='urn:model.allure.qatools.yandex.ru' start='1592247753054' stop='1592247831713'>
    <name>Paid blocks</name>
    <title>Paid blocks</title>
    <test-cases>
        <test-case start='1592247753995' status='failed' stop='1592247779829'>
            <name>MailChimp Block</name>
            <title>MailChimp Block</title>
            <labels/>
            <parameters/>
            <steps>
                <step start='1592247753997' status='undefined'>
                    <name>Can visit the block editor and add a MailChimp block</name>
                    <title>Can visit the block editor and add a MailChimp block</title>
                    <attachments>
                        <attachment title='Test failed: Paid blocks :: MailChimp Block' source='49e87eba-03f1-42a9-9a7d-396365700ff5-attachment.png' type='image/png' size='23773'/>
                    </attachments>
                    <steps/>
                </step>
            </steps>
            <attachments/>
            <failure>
                <message>TypeError: Cannot read property 'currentStep' of undefined</message>
                <stack-trace>TypeError: Cannot read property 'currentStep' of undefined
                    at Allure.Object.&lt;anonymous>.Allure.addAttachment (/home/travis/build/Automattic/jetpack/node_modules/allure-js-commons/index.js:86:45)
                    at Reporter.addAttachment (/home/travis/build/Automattic/jetpack/node_modules/jest-allure/dist/Reporter.js:60:21)
                    at addAttachment (/home/travis/build/Automattic/jetpack/tests/e2e/lib/setup-env.js:24:12)
                    at tryCatch (/home/travis/build/Automattic/jetpack/node_modules/@babel/runtime/node_modules/regenerator-runtime/runtime.js:45:40)
                    at Generator.invoke [as _invoke] (/home/travis/build/Automattic/jetpack/node_modules/@babel/runtime/node_modules/regenerator-runtime/runtime.js:274:22)
                    at Generator.prototype.(anonymous function) [as next] (/home/travis/build/Automattic/jetpack/node_modules/@babel/runtime/node_modules/regenerator-runtime/runtime.js:97:21)
                    at asyncGeneratorStep (/home/travis/build/Automattic/jetpack/node_modules/@babel/runtime/helpers/asyncToGenerator.js:3:24)
                    at _next (/home/travis/build/Automattic/jetpack/node_modules/@babel/runtime/helpers/asyncToGenerator.js:25:9)</stack-trace>
            </failure>
        </test-case>
        <test-case start='1592247779829' status='failed' stop='1592247805323'>
            <name>Simple Payment block</name>
            <title>Simple Payment block</title>
            <labels/>
            <parameters/>
            <steps>
                <step start='1592247779830' status='undefined'>
                    <name>Can visit the block editor and add a Simple Payment block</name>
                    <title>Can visit the block editor and add a Simple Payment block</title>
                    <attachments>
                        <attachment title='Test failed: Paid blocks :: Simple Payment block' source='96fada2e-6e83-473a-a750-55c7aaab8bc3-attachment.png' type='image/png' size='23773'/>
                    </attachments>
                    <steps/>
                </step>
            </steps>
            <attachments/>
            <failure>
                <message>TypeError: Cannot read property 'currentStep' of undefined</message>
                <stack-trace>TypeError: Cannot read property 'currentStep' of undefined
                    at Allure.Object.&lt;anonymous>.Allure.addAttachment (/home/travis/build/Automattic/jetpack/node_modules/allure-js-commons/index.js:86:45)
                    at Reporter.addAttachment (/home/travis/build/Automattic/jetpack/node_modules/jest-allure/dist/Reporter.js:60:21)
                    at addAttachment (/home/travis/build/Automattic/jetpack/tests/e2e/lib/setup-env.js:24:12)
                    at tryCatch (/home/travis/build/Automattic/jetpack/node_modules/@babel/runtime/node_modules/regenerator-runtime/runtime.js:45:40)
                    at Generator.invoke [as _invoke] (/home/travis/build/Automattic/jetpack/node_modules/@babel/runtime/node_modules/regenerator-runtime/runtime.js:274:22)
                    at Generator.prototype.(anonymous function) [as next] (/home/travis/build/Automattic/jetpack/node_modules/@babel/runtime/node_modules/regenerator-runtime/runtime.js:97:21)
                    at asyncGeneratorStep (/home/travis/build/Automattic/jetpack/node_modules/@babel/runtime/helpers/asyncToGenerator.js:3:24)
                    at _next (/home/travis/build/Automattic/jetpack/node_modules/@babel/runtime/helpers/asyncToGenerator.js:25:9)</stack-trace>
            </failure>
        </test-case>
        <test-case start='1592247805323' status='failed' stop='1592247830821'>
            <name>WordAds block</name>
            <title>WordAds block</title>
            <labels/>
            <parameters/>
            <steps>
                <step start='1592247805323' status='undefined'>
                    <name>Can visit the block editor and add a WordAds block</name>
                    <title>Can visit the block editor and add a WordAds block</title>
                    <attachments>
                        <attachment title='Test failed: Paid blocks :: WordAds block' source='221267dd-d8cb-4e1c-a6ab-fc5e42d34dd3-attachment.png' type='image/png' size='23773'/>
                    </attachments>
                    <steps/>
                </step>
            </steps>
            <attachments/>
            <failure>
                <message>TypeError: Cannot read property 'currentStep' of undefined</message>
                <stack-trace>TypeError: Cannot read property 'currentStep' of undefined
                    at Allure.Object.&lt;anonymous>.Allure.addAttachment (/home/travis/build/Automattic/jetpack/node_modules/allure-js-commons/index.js:86:45)
                    at Reporter.addAttachment (/home/travis/build/Automattic/jetpack/node_modules/jest-allure/dist/Reporter.js:60:21)
                    at addAttachment (/home/travis/build/Automattic/jetpack/tests/e2e/lib/setup-env.js:24:12)
                    at tryCatch (/home/travis/build/Automattic/jetpack/node_modules/@babel/runtime/node_modules/regenerator-runtime/runtime.js:45:40)
                    at Generator.invoke [as _invoke] (/home/travis/build/Automattic/jetpack/node_modules/@babel/runtime/node_modules/regenerator-runtime/runtime.js:274:22)
                    at Generator.prototype.(anonymous function) [as next] (/home/travis/build/Automattic/jetpack/node_modules/@babel/runtime/node_modules/regenerator-runtime/runtime.js:97:21)
                    at asyncGeneratorStep (/home/travis/build/Automattic/jetpack/node_modules/@babel/runtime/helpers/asyncToGenerator.js:3:24)
                    at _next (/home/travis/build/Automattic/jetpack/node_modules/@babel/runtime/helpers/asyncToGenerator.js:25:9)</stack-trace>
            </failure>
        </test-case>
    </test-cases>
</ns2:test-suite>