<?xml version='1.0'?>
<ns2:test-suite xmlns:ns2='urn:model.allure.qatools.yandex.ru' start='1595596522564' stop='1595596629984'>
    <name>Paid blocks</name>
    <title>Paid blocks</title>
    <test-cases>
        <test-case start='1595596550101' status='failed' stop='1595596576264'>
            <name>MailChimp Block</name>
            <title>MailChimp Block</title>
            <labels/>
            <parameters/>
            <steps>
                <step start='1595596550107' status='undefined'>
                    <name>Can visit the block editor and add a MailChimp block</name>
                    <title>Can visit the block editor and add a MailChimp block</title>
                    <attachments>
                        <attachment title='Test failed: Paid blocks :: MailChimp Block' source='ccdf0c0f-a92f-4a53-9914-bde44ff1a55d-attachment.png' type='image/png' size='23773'/>
                    </attachments>
                    <steps/>
                </step>
            </steps>
            <attachments/>
            <failure>
                <message>Error: Command failed: yarn wp-env run tests-wordpress cat wp-content/debug.log
                (node:8866) [DEP0005] DeprecationWarning: Buffer() is deprecated due to security and usability issues. Please use the Buffer.alloc(), Buffer.allocUnsafe(), or Buffer.from() methods instead.
                /home/travis/build/Automattic/jetpack/node_modules/nodegit/dist/nodegit.js:16
                    throw ex;
                    ^
                
                Error: /usr/lib/x86_64-linux-gnu/libstdc++.so.6: version `GLIBCXX_3.4.20' not found (required by /home/travis/build/Automattic/jetpack/node_modules/nodegit/build/Release/nodegit.node)
                    at Object.Module._extensions..node (internal/modules/cjs/loader.js:807:18)
                    at Module.load (internal/modules/cjs/loader.js:653:32)
                    at tryModuleLoad (internal/modules/cjs/loader.js:593:12)
                    at Function.Module._load (internal/modules/cjs/loader.js:585:3)
                    at Module.require (internal/modules/cjs/loader.js:692:17)
                    at require (internal/modules/cjs/helpers.js:25:18)
                    at Object.&lt;anonymous> (/home/travis/build/Automattic/jetpack/node_modules/nodegit/dist/nodegit.js:12:12)
                    at Module._compile (internal/modules/cjs/loader.js:778:30)
                    at Object.Module._extensions..js (internal/modules/cjs/loader.js:789:10)
                    at Module.load (internal/modules/cjs/loader.js:653:32)
                error Command failed with exit code 1.
                </message>
                <stack-trace>Error: Command failed: yarn wp-env run tests-wordpress cat wp-content/debug.log
                (node:8866) [DEP0005] DeprecationWarning: Buffer() is deprecated due to security and usability issues. Please use the Buffer.alloc(), Buffer.allocUnsafe(), or Buffer.from() methods instead.
                /home/travis/build/Automattic/jetpack/node_modules/nodegit/dist/nodegit.js:16
                    throw ex;
                    ^
                
                Error: /usr/lib/x86_64-linux-gnu/libstdc++.so.6: version `GLIBCXX_3.4.20' not found (required by /home/travis/build/Automattic/jetpack/node_modules/nodegit/build/Release/nodegit.node)
                    at Object.Module._extensions..node (internal/modules/cjs/loader.js:807:18)
                    at Module.load (internal/modules/cjs/loader.js:653:32)
                    at tryModuleLoad (internal/modules/cjs/loader.js:593:12)
                    at Function.Module._load (internal/modules/cjs/loader.js:585:3)
                    at Module.require (internal/modules/cjs/loader.js:692:17)
                    at require (internal/modules/cjs/helpers.js:25:18)
                    at Object.&lt;anonymous> (/home/travis/build/Automattic/jetpack/node_modules/nodegit/dist/nodegit.js:12:12)
                    at Module._compile (internal/modules/cjs/loader.js:778:30)
                    at Object.Module._extensions..js (internal/modules/cjs/loader.js:789:10)
                    at Module.load (internal/modules/cjs/loader.js:653:32)
                error Command failed with exit code 1.
                
                    at checkExecSyncError (child_process.js:629:11)
                    at execSync (child_process.js:666:13)
                    at execSyncShellCommand (/home/travis/build/Automattic/jetpack/tests/e2e/lib/utils-helper.js:27:9)
                    at _callee10$ (/home/travis/build/Automattic/jetpack/tests/e2e/lib/page-helper.js:209:9)
                    at tryCatch (/home/travis/build/Automattic/jetpack/node_modules/regenerator-runtime/runtime.js:45:40)
                    at Generator.invoke [as _invoke] (/home/travis/build/Automattic/jetpack/node_modules/regenerator-runtime/runtime.js:274:22)
                    at Generator.prototype.(anonymous function) [as next] (/home/travis/build/Automattic/jetpack/node_modules/regenerator-runtime/runtime.js:97:21)
                    at asyncGeneratorStep (/home/travis/build/Automattic/jetpack/node_modules/@babel/runtime/helpers/asyncToGenerator.js:3:24)
                    at _next (/home/travis/build/Automattic/jetpack/node_modules/@babel/runtime/helpers/asyncToGenerator.js:25:9)
                    at /home/travis/build/Automattic/jetpack/node_modules/@babel/runtime/helpers/asyncToGenerator.js:32:7</stack-trace>
            </failure>
        </test-case>
        <test-case start='1595596576265' status='failed' stop='1595596602444'>
            <name>Pay with PayPal</name>
            <title>Pay with PayPal</title>
            <labels/>
            <parameters/>
            <steps>
                <step start='1595596576265' status='undefined'>
                    <name>Can visit the block editor and add a Pay with PayPal block</name>
                    <title>Can visit the block editor and add a Pay with PayPal block</title>
                    <attachments>
                        <attachment title='Test failed: Paid blocks :: Pay with PayPal' source='a8246b69-a363-4ac7-b3be-f975a36f7632-attachment.png' type='image/png' size='23773'/>
                    </attachments>
                    <steps/>
                </step>
            </steps>
            <attachments/>
            <failure>
                <message>Error: Command failed: yarn wp-env run tests-wordpress cat wp-content/debug.log
                (node:8866) [DEP0005] DeprecationWarning: Buffer() is deprecated due to security and usability issues. Please use the Buffer.alloc(), Buffer.allocUnsafe(), or Buffer.from() methods instead.
                /home/travis/build/Automattic/jetpack/node_modules/nodegit/dist/nodegit.js:16
                    throw ex;
                    ^
                
                Error: /usr/lib/x86_64-linux-gnu/libstdc++.so.6: version `GLIBCXX_3.4.20' not found (required by /home/travis/build/Automattic/jetpack/node_modules/nodegit/build/Release/nodegit.node)
                    at Object.Module._extensions..node (internal/modules/cjs/loader.js:807:18)
                    at Module.load (internal/modules/cjs/loader.js:653:32)
                    at tryModuleLoad (internal/modules/cjs/loader.js:593:12)
                    at Function.Module._load (internal/modules/cjs/loader.js:585:3)
                    at Module.require (internal/modules/cjs/loader.js:692:17)
                    at require (internal/modules/cjs/helpers.js:25:18)
                    at Object.&lt;anonymous> (/home/travis/build/Automattic/jetpack/node_modules/nodegit/dist/nodegit.js:12:12)
                    at Module._compile (internal/modules/cjs/loader.js:778:30)
                    at Object.Module._extensions..js (internal/modules/cjs/loader.js:789:10)
                    at Module.load (internal/modules/cjs/loader.js:653:32)
                error Command failed with exit code 1.
                </message>
                <stack-trace>Error: Command failed: yarn wp-env run tests-wordpress cat wp-content/debug.log
                (node:8866) [DEP0005] DeprecationWarning: Buffer() is deprecated due to security and usability issues. Please use the Buffer.alloc(), Buffer.allocUnsafe(), or Buffer.from() methods instead.
                /home/travis/build/Automattic/jetpack/node_modules/nodegit/dist/nodegit.js:16
                    throw ex;
                    ^
                
                Error: /usr/lib/x86_64-linux-gnu/libstdc++.so.6: version `GLIBCXX_3.4.20' not found (required by /home/travis/build/Automattic/jetpack/node_modules/nodegit/build/Release/nodegit.node)
                    at Object.Module._extensions..node (internal/modules/cjs/loader.js:807:18)
                    at Module.load (internal/modules/cjs/loader.js:653:32)
                    at tryModuleLoad (internal/modules/cjs/loader.js:593:12)
                    at Function.Module._load (internal/modules/cjs/loader.js:585:3)
                    at Module.require (internal/modules/cjs/loader.js:692:17)
                    at require (internal/modules/cjs/helpers.js:25:18)
                    at Object.&lt;anonymous> (/home/travis/build/Automattic/jetpack/node_modules/nodegit/dist/nodegit.js:12:12)
                    at Module._compile (internal/modules/cjs/loader.js:778:30)
                    at Object.Module._extensions..js (internal/modules/cjs/loader.js:789:10)
                    at Module.load (internal/modules/cjs/loader.js:653:32)
                error Command failed with exit code 1.
                
                    at checkExecSyncError (child_process.js:629:11)
                    at execSync (child_process.js:666:13)
                    at execSyncShellCommand (/home/travis/build/Automattic/jetpack/tests/e2e/lib/utils-helper.js:27:9)
                    at _callee10$ (/home/travis/build/Automattic/jetpack/tests/e2e/lib/page-helper.js:209:9)
                    at tryCatch (/home/travis/build/Automattic/jetpack/node_modules/regenerator-runtime/runtime.js:45:40)
                    at Generator.invoke [as _invoke] (/home/travis/build/Automattic/jetpack/node_modules/regenerator-runtime/runtime.js:274:22)
                    at Generator.prototype.(anonymous function) [as next] (/home/travis/build/Automattic/jetpack/node_modules/regenerator-runtime/runtime.js:97:21)
                    at asyncGeneratorStep (/home/travis/build/Automattic/jetpack/node_modules/@babel/runtime/helpers/asyncToGenerator.js:3:24)
                    at _next (/home/travis/build/Automattic/jetpack/node_modules/@babel/runtime/helpers/asyncToGenerator.js:25:9)
                    at /home/travis/build/Automattic/jetpack/node_modules/@babel/runtime/helpers/asyncToGenerator.js:32:7</stack-trace>
            </failure>
        </test-case>
        <test-case start='1595596602444' status='failed' stop='1595596628611'>
            <name>WordAds block</name>
            <title>WordAds block</title>
            <labels/>
            <parameters/>
            <steps>
                <step start='1595596602445' status='undefined'>
                    <name>Can visit the block editor and add a WordAds block</name>
                    <title>Can visit the block editor and add a WordAds block</title>
                    <attachments>
                        <attachment title='Test failed: Paid blocks :: WordAds block' source='0e54aef2-1a9e-4519-9981-bb90c4b65ffe-attachment.png' type='image/png' size='23773'/>
                    </attachments>
                    <steps/>
                </step>
            </steps>
            <attachments/>
            <failure>
                <message>Error: Command failed: yarn wp-env run tests-wordpress cat wp-content/debug.log
                (node:8866) [DEP0005] DeprecationWarning: Buffer() is deprecated due to security and usability issues. Please use the Buffer.alloc(), Buffer.allocUnsafe(), or Buffer.from() methods instead.
                /home/travis/build/Automattic/jetpack/node_modules/nodegit/dist/nodegit.js:16
                    throw ex;
                    ^
                
                Error: /usr/lib/x86_64-linux-gnu/libstdc++.so.6: version `GLIBCXX_3.4.20' not found (required by /home/travis/build/Automattic/jetpack/node_modules/nodegit/build/Release/nodegit.node)
                    at Object.Module._extensions..node (internal/modules/cjs/loader.js:807:18)
                    at Module.load (internal/modules/cjs/loader.js:653:32)
                    at tryModuleLoad (internal/modules/cjs/loader.js:593:12)
                    at Function.Module._load (internal/modules/cjs/loader.js:585:3)
                    at Module.require (internal/modules/cjs/loader.js:692:17)
                    at require (internal/modules/cjs/helpers.js:25:18)
                    at Object.&lt;anonymous> (/home/travis/build/Automattic/jetpack/node_modules/nodegit/dist/nodegit.js:12:12)
                    at Module._compile (internal/modules/cjs/loader.js:778:30)
                    at Object.Module._extensions..js (internal/modules/cjs/loader.js:789:10)
                    at Module.load (internal/modules/cjs/loader.js:653:32)
                error Command failed with exit code 1.
                </message>
                <stack-trace>Error: Command failed: yarn wp-env run tests-wordpress cat wp-content/debug.log
                (node:8866) [DEP0005] DeprecationWarning: Buffer() is deprecated due to security and usability issues. Please use the Buffer.alloc(), Buffer.allocUnsafe(), or Buffer.from() methods instead.
                /home/travis/build/Automattic/jetpack/node_modules/nodegit/dist/nodegit.js:16
                    throw ex;
                    ^
                
                Error: /usr/lib/x86_64-linux-gnu/libstdc++.so.6: version `GLIBCXX_3.4.20' not found (required by /home/travis/build/Automattic/jetpack/node_modules/nodegit/build/Release/nodegit.node)
                    at Object.Module._extensions..node (internal/modules/cjs/loader.js:807:18)
                    at Module.load (internal/modules/cjs/loader.js:653:32)
                    at tryModuleLoad (internal/modules/cjs/loader.js:593:12)
                    at Function.Module._load (internal/modules/cjs/loader.js:585:3)
                    at Module.require (internal/modules/cjs/loader.js:692:17)
                    at require (internal/modules/cjs/helpers.js:25:18)
                    at Object.&lt;anonymous> (/home/travis/build/Automattic/jetpack/node_modules/nodegit/dist/nodegit.js:12:12)
                    at Module._compile (internal/modules/cjs/loader.js:778:30)
                    at Object.Module._extensions..js (internal/modules/cjs/loader.js:789:10)
                    at Module.load (internal/modules/cjs/loader.js:653:32)
                error Command failed with exit code 1.
                
                    at checkExecSyncError (child_process.js:629:11)
                    at execSync (child_process.js:666:13)
                    at execSyncShellCommand (/home/travis/build/Automattic/jetpack/tests/e2e/lib/utils-helper.js:27:9)
                    at _callee10$ (/home/travis/build/Automattic/jetpack/tests/e2e/lib/page-helper.js:209:9)
                    at tryCatch (/home/travis/build/Automattic/jetpack/node_modules/regenerator-runtime/runtime.js:45:40)
                    at Generator.invoke [as _invoke] (/home/travis/build/Automattic/jetpack/node_modules/regenerator-runtime/runtime.js:274:22)
                    at Generator.prototype.(anonymous function) [as next] (/home/travis/build/Automattic/jetpack/node_modules/regenerator-runtime/runtime.js:97:21)
                    at asyncGeneratorStep (/home/travis/build/Automattic/jetpack/node_modules/@babel/runtime/helpers/asyncToGenerator.js:3:24)
                    at _next (/home/travis/build/Automattic/jetpack/node_modules/@babel/runtime/helpers/asyncToGenerator.js:25:9)
                    at /home/travis/build/Automattic/jetpack/node_modules/@babel/runtime/helpers/asyncToGenerator.js:32:7</stack-trace>
            </failure>
        </test-case>
    </test-cases>
</ns2:test-suite>