<?xml version='1.0'?>
<ns2:test-suite xmlns:ns2='urn:model.allure.qatools.yandex.ru' start='1595597240446' stop='1595597320114'>
    <name>Free blocks</name>
    <title>Free blocks</title>
    <test-cases>
        <test-case start='1595597267879' status='failed' stop='1595597293999'>
            <name>Pinterest block</name>
            <title>Pinterest block</title>
            <labels/>
            <parameters/>
            <steps>
                <step start='1595597267880' status='undefined'>
                    <name>Can visit the block editor and add a Pinterest block</name>
                    <title>Can visit the block editor and add a Pinterest block</title>
                    <attachments>
                        <attachment title='Test failed: Free blocks :: Pinterest block' source='9d5fea74-461c-469e-90a5-4317bfb98705-attachment.png' type='image/png' size='23773'/>
                    </attachments>
                    <steps/>
                </step>
            </steps>
            <attachments/>
            <failure>
                <message>Error: Command failed: yarn wp-env run tests-wordpress cat wp-content/debug.log
                (node:9205) [DEP0005] DeprecationWarning: Buffer() is deprecated due to security and usability issues. Please use the Buffer.alloc(), Buffer.allocUnsafe(), or Buffer.from() methods instead.
                /home/travis/build/Automattic/jetpack/node_modules/nodegit/dist/nodegit.js:16
                    throw ex;
                    ^
                
                Error: /usr/lib/x86_64-linux-gnu/libstdc++.so.6: version `GLIBCXX_3.4.20' not found (required by /home/travis/build/Automattic/jetpack/node_modules/nodegit/build/Release/nodegit.node)
                    at Object.Module._extensions..node (internal/modules/cjs/loader.js:807:18)
                    at Module.load (internal/modules/cjs/loader.js:653:32)
                    at tryModuleLoad (internal/modules/cjs/loader.js:593:12)
                    at Function.Module._load (internal/modules/cjs/loader.js:585:3)
                    at Module.require (internal/modules/cjs/loader.js:692:17)
                    at require (internal/modules/cjs/helpers.js:25:18)
                    at Object.&lt;anonymous> (/home/travis/build/Automattic/jetpack/node_modules/nodegit/dist/nodegit.js:12:12)
                    at Module._compile (internal/modules/cjs/loader.js:778:30)
                    at Object.Module._extensions..js (internal/modules/cjs/loader.js:789:10)
                    at Module.load (internal/modules/cjs/loader.js:653:32)
                error Command failed with exit code 1.
                </message>
                <stack-trace>Error: Command failed: yarn wp-env run tests-wordpress cat wp-content/debug.log
                (node:9205) [DEP0005] DeprecationWarning: Buffer() is deprecated due to security and usability issues. Please use the Buffer.alloc(), Buffer.allocUnsafe(), or Buffer.from() methods instead.
                /home/travis/build/Automattic/jetpack/node_modules/nodegit/dist/nodegit.js:16
                    throw ex;
                    ^
                
                Error: /usr/lib/x86_64-linux-gnu/libstdc++.so.6: version `GLIBCXX_3.4.20' not found (required by /home/travis/build/Automattic/jetpack/node_modules/nodegit/build/Release/nodegit.node)
                    at Object.Module._extensions..node (internal/modules/cjs/loader.js:807:18)
                    at Module.load (internal/modules/cjs/loader.js:653:32)
                    at tryModuleLoad (internal/modules/cjs/loader.js:593:12)
                    at Function.Module._load (internal/modules/cjs/loader.js:585:3)
                    at Module.require (internal/modules/cjs/loader.js:692:17)
                    at require (internal/modules/cjs/helpers.js:25:18)
                    at Object.&lt;anonymous> (/home/travis/build/Automattic/jetpack/node_modules/nodegit/dist/nodegit.js:12:12)
                    at Module._compile (internal/modules/cjs/loader.js:778:30)
                    at Object.Module._extensions..js (internal/modules/cjs/loader.js:789:10)
                    at Module.load (internal/modules/cjs/loader.js:653:32)
                error Command failed with exit code 1.
                
                    at checkExecSyncError (child_process.js:629:11)
                    at execSync (child_process.js:666:13)
                    at execSyncShellCommand (/home/travis/build/Automattic/jetpack/tests/e2e/lib/utils-helper.js:27:9)
                    at _callee10$ (/home/travis/build/Automattic/jetpack/tests/e2e/lib/page-helper.js:209:9)
                    at tryCatch (/home/travis/build/Automattic/jetpack/node_modules/regenerator-runtime/runtime.js:45:40)
                    at Generator.invoke [as _invoke] (/home/travis/build/Automattic/jetpack/node_modules/regenerator-runtime/runtime.js:274:22)
                    at Generator.prototype.(anonymous function) [as next] (/home/travis/build/Automattic/jetpack/node_modules/regenerator-runtime/runtime.js:97:21)
                    at asyncGeneratorStep (/home/travis/build/Automattic/jetpack/node_modules/@babel/runtime/helpers/asyncToGenerator.js:3:24)
                    at _next (/home/travis/build/Automattic/jetpack/node_modules/@babel/runtime/helpers/asyncToGenerator.js:25:9)
                    at /home/travis/build/Automattic/jetpack/node_modules/@babel/runtime/helpers/asyncToGenerator.js:32:7</stack-trace>
            </failure>
        </test-case>
        <test-case start='1595597293999' status='failed' stop='1595597320114'>
            <name>Eventbrite block</name>
            <title>Eventbrite block</title>
            <labels/>
            <parameters/>
            <steps>
                <step start='1595597294002' status='undefined'>
                    <name>Can visit the block editor and add a Eventbrite block</name>
                    <title>Can visit the block editor and add a Eventbrite block</title>
                    <attachments>
                        <attachment title='Test failed: Free blocks :: Eventbrite block' source='85d8e345-a646-4e60-91d5-c00c4a0c0695-attachment.png' type='image/png' size='23773'/>
                    </attachments>
                    <steps/>
                </step>
            </steps>
            <attachments/>
            <failure>
                <message>Error: Command failed: yarn wp-env run tests-wordpress cat wp-content/debug.log
                (node:9205) [DEP0005] DeprecationWarning: Buffer() is deprecated due to security and usability issues. Please use the Buffer.alloc(), Buffer.allocUnsafe(), or Buffer.from() methods instead.
                /home/travis/build/Automattic/jetpack/node_modules/nodegit/dist/nodegit.js:16
                    throw ex;
                    ^
                
                Error: /usr/lib/x86_64-linux-gnu/libstdc++.so.6: version `GLIBCXX_3.4.20' not found (required by /home/travis/build/Automattic/jetpack/node_modules/nodegit/build/Release/nodegit.node)
                    at Object.Module._extensions..node (internal/modules/cjs/loader.js:807:18)
                    at Module.load (internal/modules/cjs/loader.js:653:32)
                    at tryModuleLoad (internal/modules/cjs/loader.js:593:12)
                    at Function.Module._load (internal/modules/cjs/loader.js:585:3)
                    at Module.require (internal/modules/cjs/loader.js:692:17)
                    at require (internal/modules/cjs/helpers.js:25:18)
                    at Object.&lt;anonymous> (/home/travis/build/Automattic/jetpack/node_modules/nodegit/dist/nodegit.js:12:12)
                    at Module._compile (internal/modules/cjs/loader.js:778:30)
                    at Object.Module._extensions..js (internal/modules/cjs/loader.js:789:10)
                    at Module.load (internal/modules/cjs/loader.js:653:32)
                error Command failed with exit code 1.
                </message>
                <stack-trace>Error: Command failed: yarn wp-env run tests-wordpress cat wp-content/debug.log
                (node:9205) [DEP0005] DeprecationWarning: Buffer() is deprecated due to security and usability issues. Please use the Buffer.alloc(), Buffer.allocUnsafe(), or Buffer.from() methods instead.
                /home/travis/build/Automattic/jetpack/node_modules/nodegit/dist/nodegit.js:16
                    throw ex;
                    ^
                
                Error: /usr/lib/x86_64-linux-gnu/libstdc++.so.6: version `GLIBCXX_3.4.20' not found (required by /home/travis/build/Automattic/jetpack/node_modules/nodegit/build/Release/nodegit.node)
                    at Object.Module._extensions..node (internal/modules/cjs/loader.js:807:18)
                    at Module.load (internal/modules/cjs/loader.js:653:32)
                    at tryModuleLoad (internal/modules/cjs/loader.js:593:12)
                    at Function.Module._load (internal/modules/cjs/loader.js:585:3)
                    at Module.require (internal/modules/cjs/loader.js:692:17)
                    at require (internal/modules/cjs/helpers.js:25:18)
                    at Object.&lt;anonymous> (/home/travis/build/Automattic/jetpack/node_modules/nodegit/dist/nodegit.js:12:12)
                    at Module._compile (internal/modules/cjs/loader.js:778:30)
                    at Object.Module._extensions..js (internal/modules/cjs/loader.js:789:10)
                    at Module.load (internal/modules/cjs/loader.js:653:32)
                error Command failed with exit code 1.
                
                    at checkExecSyncError (child_process.js:629:11)
                    at execSync (child_process.js:666:13)
                    at execSyncShellCommand (/home/travis/build/Automattic/jetpack/tests/e2e/lib/utils-helper.js:27:9)
                    at _callee10$ (/home/travis/build/Automattic/jetpack/tests/e2e/lib/page-helper.js:209:9)
                    at tryCatch (/home/travis/build/Automattic/jetpack/node_modules/regenerator-runtime/runtime.js:45:40)
                    at Generator.invoke [as _invoke] (/home/travis/build/Automattic/jetpack/node_modules/regenerator-runtime/runtime.js:274:22)
                    at Generator.prototype.(anonymous function) [as next] (/home/travis/build/Automattic/jetpack/node_modules/regenerator-runtime/runtime.js:97:21)
                    at asyncGeneratorStep (/home/travis/build/Automattic/jetpack/node_modules/@babel/runtime/helpers/asyncToGenerator.js:3:24)
                    at _next (/home/travis/build/Automattic/jetpack/node_modules/@babel/runtime/helpers/asyncToGenerator.js:25:9)
                    at /home/travis/build/Automattic/jetpack/node_modules/@babel/runtime/helpers/asyncToGenerator.js:32:7</stack-trace>
            </failure>
        </test-case>
    </test-cases>
</ns2:test-suite>