<?xml version='1.0'?>
<ns2:test-suite xmlns:ns2='urn:model.allure.qatools.yandex.ru' start='1593829817378' stop='1593830050947'>
    <name>Paid blocks</name>
    <title>Paid blocks</title>
    <test-cases>
        <test-case start='1593829848669' status='failed' stop='1593829880418'>
            <name>MailChimp Block</name>
            <title>MailChimp Block</title>
            <labels/>
            <parameters/>
            <steps>
                <step start='1593829848670' status='passed' stop='1593829854987'>
                    <name>Can visit the block editor and add a MailChimp block</name>
                    <title>Can visit the block editor and add a MailChimp block</title>
                    <attachments/>
                    <steps/>
                </step>
                <step start='1593829854987' status='undefined'>
                    <name>Can connect to a MailChimp</name>
                    <title>Can connect to a MailChimp</title>
                    <attachments>
                        <attachment title='Test failed: Paid blocks :: MailChimp Block' source='3b99e027-1d38-430f-ac11-1171938b58d1-attachment.png' type='image/png' size='51316'/>
                    </attachments>
                    <steps/>
                </step>
            </steps>
            <attachments/>
            <failure>
                <message>TypeError: Cannot read property 'currentStep' of undefined</message>
                <stack-trace>TypeError: Cannot read property 'currentStep' of undefined
                    at Allure.Object.&lt;anonymous>.Allure.addAttachment (/home/travis/build/Automattic/jetpack/node_modules/allure-js-commons/index.js:86:45)
                    at Reporter.addAttachment (/home/travis/build/Automattic/jetpack/node_modules/jest-allure/dist/Reporter.js:64:21)
                    at addAttachment (/home/travis/build/Automattic/jetpack/tests/e2e/lib/setup-env.js:24:12)
                    at tryCatch (/home/travis/build/Automattic/jetpack/node_modules/regenerator-runtime/runtime.js:45:40)
                    at Generator.invoke [as _invoke] (/home/travis/build/Automattic/jetpack/node_modules/regenerator-runtime/runtime.js:274:22)
                    at Generator.prototype.(anonymous function) [as next] (/home/travis/build/Automattic/jetpack/node_modules/regenerator-runtime/runtime.js:97:21)
                    at asyncGeneratorStep (/home/travis/build/Automattic/jetpack/node_modules/@babel/runtime/helpers/asyncToGenerator.js:3:24)
                    at _next (/home/travis/build/Automattic/jetpack/node_modules/@babel/runtime/helpers/asyncToGenerator.js:25:9)</stack-trace>
            </failure>
        </test-case>
        <test-case start='1593829880418' status='failed' stop='1593829965304'>
            <name>Pay with PayPal</name>
            <title>Pay with PayPal</title>
            <labels/>
            <parameters/>
            <steps>
                <step start='1593829880419' status='undefined'>
                    <name>Can visit the block editor and add a Pay with PayPal block</name>
                    <title>Can visit the block editor and add a Pay with PayPal block</title>
                    <attachments>
                        <attachment title='Test failed: Paid blocks :: Pay with PayPal' source='9e5456d7-565a-4c1b-a17b-d1a9e8a4827b-attachment.png' type='image/png' size='34529'/>
                    </attachments>
                    <steps/>
                </step>
            </steps>
            <attachments/>
            <failure>
                <message>TypeError: Cannot read property 'currentStep' of undefined</message>
                <stack-trace>TypeError: Cannot read property 'currentStep' of undefined
                    at Allure.Object.&lt;anonymous>.Allure.addAttachment (/home/travis/build/Automattic/jetpack/node_modules/allure-js-commons/index.js:86:45)
                    at Reporter.addAttachment (/home/travis/build/Automattic/jetpack/node_modules/jest-allure/dist/Reporter.js:64:21)
                    at addAttachment (/home/travis/build/Automattic/jetpack/tests/e2e/lib/setup-env.js:24:12)
                    at tryCatch (/home/travis/build/Automattic/jetpack/node_modules/regenerator-runtime/runtime.js:45:40)
                    at Generator.invoke [as _invoke] (/home/travis/build/Automattic/jetpack/node_modules/regenerator-runtime/runtime.js:274:22)
                    at Generator.prototype.(anonymous function) [as next] (/home/travis/build/Automattic/jetpack/node_modules/regenerator-runtime/runtime.js:97:21)
                    at asyncGeneratorStep (/home/travis/build/Automattic/jetpack/node_modules/@babel/runtime/helpers/asyncToGenerator.js:3:24)
                    at _next (/home/travis/build/Automattic/jetpack/node_modules/@babel/runtime/helpers/asyncToGenerator.js:25:9)</stack-trace>
            </failure>
        </test-case>
        <test-case start='1593829965304' status='failed' stop='1593830049358'>
            <name>WordAds block</name>
            <title>WordAds block</title>
            <labels/>
            <parameters/>
            <steps>
                <step start='1593829965305' status='undefined'>
                    <name>Can visit the block editor and add a WordAds block</name>
                    <title>Can visit the block editor and add a WordAds block</title>
                    <attachments>
                        <attachment title='Test failed: Paid blocks :: WordAds block' source='e3a002a1-00f5-4152-ae78-ddc1a58eb3d5-attachment.png' type='image/png' size='29641'/>
                    </attachments>
                    <steps/>
                </step>
            </steps>
            <attachments/>
            <failure>
                <message>TypeError: Cannot read property 'currentStep' of undefined</message>
                <stack-trace>TypeError: Cannot read property 'currentStep' of undefined
                    at Allure.Object.&lt;anonymous>.Allure.addAttachment (/home/travis/build/Automattic/jetpack/node_modules/allure-js-commons/index.js:86:45)
                    at Reporter.addAttachment (/home/travis/build/Automattic/jetpack/node_modules/jest-allure/dist/Reporter.js:64:21)
                    at addAttachment (/home/travis/build/Automattic/jetpack/tests/e2e/lib/setup-env.js:24:12)
                    at tryCatch (/home/travis/build/Automattic/jetpack/node_modules/regenerator-runtime/runtime.js:45:40)
                    at Generator.invoke [as _invoke] (/home/travis/build/Automattic/jetpack/node_modules/regenerator-runtime/runtime.js:274:22)
                    at Generator.prototype.(anonymous function) [as next] (/home/travis/build/Automattic/jetpack/node_modules/regenerator-runtime/runtime.js:97:21)
                    at asyncGeneratorStep (/home/travis/build/Automattic/jetpack/node_modules/@babel/runtime/helpers/asyncToGenerator.js:3:24)
                    at _next (/home/travis/build/Automattic/jetpack/node_modules/@babel/runtime/helpers/asyncToGenerator.js:25:9)</stack-trace>
            </failure>
        </test-case>
    </test-cases>
</ns2:test-suite>