<?xml version='1.0'?>
<ns2:test-suite xmlns:ns2='urn:model.allure.qatools.yandex.ru' start='1601047125250' stop='1601047221085'>
    <name>Paid blocks</name>
    <title>Paid blocks</title>
    <test-cases>
        <test-case start='1601047130628' status='failed' stop='1601047159053'>
            <name>MailChimp Block</name>
            <title>MailChimp Block</title>
            <labels/>
            <parameters/>
            <steps>
                <step start='1601047130639' status='undefined'>
                    <name>Can visit the block editor and add a MailChimp block</name>
                    <title>Can visit the block editor and add a MailChimp block</title>
                    <attachments>
                        <attachment title='Test failed: Paid blocks :: MailChimp Block' source='c6d13d7e-616d-42e3-9ac9-889ba00a8918-attachment.png' type='image/png' size='22663'/>
                    </attachments>
                    <steps/>
                </step>
            </steps>
            <attachments/>
            <failure>
                <message>Error: net::ERR_EMPTY_RESPONSE at https://f5e9ad246326.ngrok.io/wp-login.php</message>
                <stack-trace>Error: net::ERR_EMPTY_RESPONSE at https://f5e9ad246326.ngrok.io/wp-login.php
                    at navigate (/home/travis/build/Automattic/jetpack/node_modules/puppeteer/lib/FrameManager.js:120:37)
                    at runMicrotasks (&lt;anonymous>)
                    at processTicksAndRejections (internal/process/task_queues.js:97:5)
                    at FrameManager.navigateFrame (/home/travis/build/Automattic/jetpack/node_modules/puppeteer/lib/FrameManager.js:94:17)
                    at Frame.goto (/home/travis/build/Automattic/jetpack/node_modules/puppeteer/lib/FrameManager.js:406:12)
                    at Page.goto (/home/travis/build/Automattic/jetpack/node_modules/puppeteer/lib/Page.js:672:12)
                  -- ASYNC --
                    at Frame.&lt;anonymous> (/home/travis/build/Automattic/jetpack/node_modules/puppeteer/lib/helper.js:111:15)
                    at Page.goto (/home/travis/build/Automattic/jetpack/node_modules/puppeteer/lib/Page.js:672:49)
                    at Page.&lt;anonymous> (/home/travis/build/Automattic/jetpack/node_modules/puppeteer/lib/helper.js:112:23)
                    at Function.goto (/home/travis/build/Automattic/jetpack/tests/e2e/lib/pages/page.js:43:14)
                    at tryCatch (/home/travis/build/Automattic/jetpack/node_modules/regenerator-runtime/runtime.js:45:40)
                    at Generator.invoke [as _invoke] (/home/travis/build/Automattic/jetpack/node_modules/regenerator-runtime/runtime.js:274:22)
                    at Generator.prototype.&lt;computed> [as next] (/home/travis/build/Automattic/jetpack/node_modules/regenerator-runtime/runtime.js:97:21)
                    at asyncGeneratorStep (/home/travis/build/Automattic/jetpack/node_modules/@babel/runtime/helpers/asyncToGenerator.js:3:24)
                    at _next (/home/travis/build/Automattic/jetpack/node_modules/@babel/runtime/helpers/asyncToGenerator.js:25:9)
                    at /home/travis/build/Automattic/jetpack/node_modules/@babel/runtime/helpers/asyncToGenerator.js:32:7
                  -- ASYNC --
                    at Page.&lt;anonymous> (/home/travis/build/Automattic/jetpack/node_modules/puppeteer/lib/helper.js:111:15)
                    at Function.goto (/home/travis/build/Automattic/jetpack/tests/e2e/lib/pages/page.js:43:14)
                    at tryCatch (/home/travis/build/Automattic/jetpack/node_modules/regenerator-runtime/runtime.js:45:40)
                    at Generator.invoke [as _invoke] (/home/travis/build/Automattic/jetpack/node_modules/regenerator-runtime/runtime.js:274:22)
                    at Generator.prototype.&lt;computed> [as next] (/home/travis/build/Automattic/jetpack/node_modules/regenerator-runtime/runtime.js:97:21)
                    at asyncGeneratorStep (/home/travis/build/Automattic/jetpack/node_modules/@babel/runtime/helpers/asyncToGenerator.js:3:24)
                    at _next (/home/travis/build/Automattic/jetpack/node_modules/@babel/runtime/helpers/asyncToGenerator.js:25:9)
                    at /home/travis/build/Automattic/jetpack/node_modules/@babel/runtime/helpers/asyncToGenerator.js:32:7
                    at new Promise (&lt;anonymous>)
                    at Function.&lt;anonymous> (/home/travis/build/Automattic/jetpack/node_modules/@babel/runtime/helpers/asyncToGenerator.js:21:12)</stack-trace>
            </failure>
        </test-case>
        <test-case start='1601047159053' status='failed' stop='1601047187557'>
            <name>Pay with PayPal</name>
            <title>Pay with PayPal</title>
            <labels/>
            <parameters/>
            <steps>
                <step start='1601047159054' status='undefined'>
                    <name>Can visit the block editor and add a Pay with PayPal block</name>
                    <title>Can visit the block editor and add a Pay with PayPal block</title>
                    <attachments>
                        <attachment title='Test failed: Paid blocks :: Pay with PayPal' source='73b033ef-ea62-42a9-8555-958da83ea596-attachment.png' type='image/png' size='22663'/>
                    </attachments>
                    <steps/>
                </step>
            </steps>
            <attachments/>
            <failure>
                <message>Error: net::ERR_EMPTY_RESPONSE at https://f5e9ad246326.ngrok.io/wp-login.php</message>
                <stack-trace>Error: net::ERR_EMPTY_RESPONSE at https://f5e9ad246326.ngrok.io/wp-login.php
                    at navigate (/home/travis/build/Automattic/jetpack/node_modules/puppeteer/lib/FrameManager.js:120:37)
                    at runMicrotasks (&lt;anonymous>)
                    at processTicksAndRejections (internal/process/task_queues.js:97:5)
                    at FrameManager.navigateFrame (/home/travis/build/Automattic/jetpack/node_modules/puppeteer/lib/FrameManager.js:94:17)
                    at Frame.goto (/home/travis/build/Automattic/jetpack/node_modules/puppeteer/lib/FrameManager.js:406:12)
                    at Page.goto (/home/travis/build/Automattic/jetpack/node_modules/puppeteer/lib/Page.js:672:12)
                  -- ASYNC --
                    at Frame.&lt;anonymous> (/home/travis/build/Automattic/jetpack/node_modules/puppeteer/lib/helper.js:111:15)
                    at Page.goto (/home/travis/build/Automattic/jetpack/node_modules/puppeteer/lib/Page.js:672:49)
                    at Page.&lt;anonymous> (/home/travis/build/Automattic/jetpack/node_modules/puppeteer/lib/helper.js:112:23)
                    at Function.goto (/home/travis/build/Automattic/jetpack/tests/e2e/lib/pages/page.js:43:14)
                    at tryCatch (/home/travis/build/Automattic/jetpack/node_modules/regenerator-runtime/runtime.js:45:40)
                    at Generator.invoke [as _invoke] (/home/travis/build/Automattic/jetpack/node_modules/regenerator-runtime/runtime.js:274:22)
                    at Generator.prototype.&lt;computed> [as next] (/home/travis/build/Automattic/jetpack/node_modules/regenerator-runtime/runtime.js:97:21)
                    at asyncGeneratorStep (/home/travis/build/Automattic/jetpack/node_modules/@babel/runtime/helpers/asyncToGenerator.js:3:24)
                    at _next (/home/travis/build/Automattic/jetpack/node_modules/@babel/runtime/helpers/asyncToGenerator.js:25:9)
                    at /home/travis/build/Automattic/jetpack/node_modules/@babel/runtime/helpers/asyncToGenerator.js:32:7
                  -- ASYNC --
                    at Page.&lt;anonymous> (/home/travis/build/Automattic/jetpack/node_modules/puppeteer/lib/helper.js:111:15)
                    at Function.goto (/home/travis/build/Automattic/jetpack/tests/e2e/lib/pages/page.js:43:14)
                    at tryCatch (/home/travis/build/Automattic/jetpack/node_modules/regenerator-runtime/runtime.js:45:40)
                    at Generator.invoke [as _invoke] (/home/travis/build/Automattic/jetpack/node_modules/regenerator-runtime/runtime.js:274:22)
                    at Generator.prototype.&lt;computed> [as next] (/home/travis/build/Automattic/jetpack/node_modules/regenerator-runtime/runtime.js:97:21)
                    at asyncGeneratorStep (/home/travis/build/Automattic/jetpack/node_modules/@babel/runtime/helpers/asyncToGenerator.js:3:24)
                    at _next (/home/travis/build/Automattic/jetpack/node_modules/@babel/runtime/helpers/asyncToGenerator.js:25:9)
                    at /home/travis/build/Automattic/jetpack/node_modules/@babel/runtime/helpers/asyncToGenerator.js:32:7
                    at new Promise (&lt;anonymous>)
                    at Function.&lt;anonymous> (/home/travis/build/Automattic/jetpack/node_modules/@babel/runtime/helpers/asyncToGenerator.js:21:12)</stack-trace>
            </failure>
        </test-case>
        <test-case start='1601047187557' status='failed' stop='1601047215263'>
            <name>WordAds block</name>
            <title>WordAds block</title>
            <labels/>
            <parameters/>
            <steps>
                <step start='1601047187558' status='undefined'>
                    <name>Can visit the block editor and add a WordAds block</name>
                    <title>Can visit the block editor and add a WordAds block</title>
                    <attachments>
                        <attachment title='Test failed: Paid blocks :: WordAds block' source='542d79d3-35ac-4415-ad41-b7df0dbe7dba-attachment.png' type='image/png' size='22663'/>
                    </attachments>
                    <steps/>
                </step>
            </steps>
            <attachments/>
            <failure>
                <message>Error: net::ERR_EMPTY_RESPONSE at https://f5e9ad246326.ngrok.io/wp-login.php</message>
                <stack-trace>Error: net::ERR_EMPTY_RESPONSE at https://f5e9ad246326.ngrok.io/wp-login.php
                    at navigate (/home/travis/build/Automattic/jetpack/node_modules/puppeteer/lib/FrameManager.js:120:37)
                    at runMicrotasks (&lt;anonymous>)
                    at processTicksAndRejections (internal/process/task_queues.js:97:5)
                    at FrameManager.navigateFrame (/home/travis/build/Automattic/jetpack/node_modules/puppeteer/lib/FrameManager.js:94:17)
                    at Frame.goto (/home/travis/build/Automattic/jetpack/node_modules/puppeteer/lib/FrameManager.js:406:12)
                    at Page.goto (/home/travis/build/Automattic/jetpack/node_modules/puppeteer/lib/Page.js:672:12)
                  -- ASYNC --
                    at Frame.&lt;anonymous> (/home/travis/build/Automattic/jetpack/node_modules/puppeteer/lib/helper.js:111:15)
                    at Page.goto (/home/travis/build/Automattic/jetpack/node_modules/puppeteer/lib/Page.js:672:49)
                    at Page.&lt;anonymous> (/home/travis/build/Automattic/jetpack/node_modules/puppeteer/lib/helper.js:112:23)
                    at Function.goto (/home/travis/build/Automattic/jetpack/tests/e2e/lib/pages/page.js:43:14)
                    at tryCatch (/home/travis/build/Automattic/jetpack/node_modules/regenerator-runtime/runtime.js:45:40)
                    at Generator.invoke [as _invoke] (/home/travis/build/Automattic/jetpack/node_modules/regenerator-runtime/runtime.js:274:22)
                    at Generator.prototype.&lt;computed> [as next] (/home/travis/build/Automattic/jetpack/node_modules/regenerator-runtime/runtime.js:97:21)
                    at asyncGeneratorStep (/home/travis/build/Automattic/jetpack/node_modules/@babel/runtime/helpers/asyncToGenerator.js:3:24)
                    at _next (/home/travis/build/Automattic/jetpack/node_modules/@babel/runtime/helpers/asyncToGenerator.js:25:9)
                    at /home/travis/build/Automattic/jetpack/node_modules/@babel/runtime/helpers/asyncToGenerator.js:32:7
                  -- ASYNC --
                    at Page.&lt;anonymous> (/home/travis/build/Automattic/jetpack/node_modules/puppeteer/lib/helper.js:111:15)
                    at Function.goto (/home/travis/build/Automattic/jetpack/tests/e2e/lib/pages/page.js:43:14)
                    at tryCatch (/home/travis/build/Automattic/jetpack/node_modules/regenerator-runtime/runtime.js:45:40)
                    at Generator.invoke [as _invoke] (/home/travis/build/Automattic/jetpack/node_modules/regenerator-runtime/runtime.js:274:22)
                    at Generator.prototype.&lt;computed> [as next] (/home/travis/build/Automattic/jetpack/node_modules/regenerator-runtime/runtime.js:97:21)
                    at asyncGeneratorStep (/home/travis/build/Automattic/jetpack/node_modules/@babel/runtime/helpers/asyncToGenerator.js:3:24)
                    at _next (/home/travis/build/Automattic/jetpack/node_modules/@babel/runtime/helpers/asyncToGenerator.js:25:9)
                    at /home/travis/build/Automattic/jetpack/node_modules/@babel/runtime/helpers/asyncToGenerator.js:32:7
                    at new Promise (&lt;anonymous>)
                    at Function.&lt;anonymous> (/home/travis/build/Automattic/jetpack/node_modules/@babel/runtime/helpers/asyncToGenerator.js:21:12)</stack-trace>
            </failure>
        </test-case>
    </test-cases>
</ns2:test-suite>