<?xml version='1.0'?>
<ns2:test-suite xmlns:ns2='urn:model.allure.qatools.yandex.ru' start='1602246522910' stop='1602246597081'>
    <name>Free blocks</name>
    <title>Free blocks</title>
    <test-cases>
        <test-case start='1602246528609' status='failed' stop='1602246563002'>
            <name>Pinterest block</name>
            <title>Pinterest block</title>
            <labels/>
            <parameters/>
            <steps>
                <step start='1602246528614' status='undefined'>
                    <name>Can visit the block editor and add a Pinterest block</name>
                    <title>Can visit the block editor and add a Pinterest block</title>
                    <attachments>
                        <attachment title='Test failed: Free blocks :: Pinterest block' source='e944113b-c4de-490a-86bc-fa1527dd81eb-attachment.png' type='image/png' size='70979'/>
                    </attachments>
                    <steps/>
                </step>
            </steps>
            <attachments/>
            <failure>
                <message>TimeoutError: waiting for selector "#toplevel_page_jetpack a[href$="jetpack#/dashboard"], #toplevel_page_jetpack a[href$="jetpack"]" failed: timeout 30000ms exceeded</message>
                <stack-trace>TimeoutError: waiting for selector "#toplevel_page_jetpack a[href$="jetpack#/dashboard"], #toplevel_page_jetpack a[href$="jetpack"]" failed: timeout 30000ms exceeded
                    at new WaitTask (/home/travis/build/Automattic/jetpack/node_modules/puppeteer/lib/DOMWorld.js:549:28)
                    at DOMWorld._waitForSelectorOrXPath (/home/travis/build/Automattic/jetpack/node_modules/puppeteer/lib/DOMWorld.js:478:22)
                    at DOMWorld.waitForSelector (/home/travis/build/Automattic/jetpack/node_modules/puppeteer/lib/DOMWorld.js:432:17)
                    at Frame.waitForSelector (/home/travis/build/Automattic/jetpack/node_modules/puppeteer/lib/FrameManager.js:627:47)
                    at Frame.&lt;anonymous> (/home/travis/build/Automattic/jetpack/node_modules/puppeteer/lib/helper.js:112:23)
                    at Page.waitForSelector (/home/travis/build/Automattic/jetpack/node_modules/puppeteer/lib/Page.js:1122:29)
                    at waitForSelector (/home/travis/build/Automattic/jetpack/tests/e2e/lib/page-helper.js:33:30)
                    at tryCatch (/home/travis/build/Automattic/jetpack/node_modules/regenerator-runtime/runtime.js:45:40)
                    at Generator.invoke [as _invoke] (/home/travis/build/Automattic/jetpack/node_modules/regenerator-runtime/runtime.js:274:22)
                    at Generator.prototype.&lt;computed> [as next] (/home/travis/build/Automattic/jetpack/node_modules/regenerator-runtime/runtime.js:97:21)
                  -- ASYNC --
                    at Frame.&lt;anonymous> (/home/travis/build/Automattic/jetpack/node_modules/puppeteer/lib/helper.js:111:15)
                    at Page.waitForSelector (/home/travis/build/Automattic/jetpack/node_modules/puppeteer/lib/Page.js:1122:29)
                    at waitForSelector (/home/travis/build/Automattic/jetpack/tests/e2e/lib/page-helper.js:33:30)
                    at tryCatch (/home/travis/build/Automattic/jetpack/node_modules/regenerator-runtime/runtime.js:45:40)
                    at Generator.invoke [as _invoke] (/home/travis/build/Automattic/jetpack/node_modules/regenerator-runtime/runtime.js:274:22)
                    at Generator.prototype.&lt;computed> [as next] (/home/travis/build/Automattic/jetpack/node_modules/regenerator-runtime/runtime.js:97:21)
                    at asyncGeneratorStep (/home/travis/build/Automattic/jetpack/node_modules/@babel/runtime/helpers/asyncToGenerator.js:3:24)
                    at _next (/home/travis/build/Automattic/jetpack/node_modules/@babel/runtime/helpers/asyncToGenerator.js:25:9)
                    at /home/travis/build/Automattic/jetpack/node_modules/@babel/runtime/helpers/asyncToGenerator.js:32:7
                    at new Promise (&lt;anonymous>)</stack-trace>
            </failure>
        </test-case>
        <test-case start='1602246563002' status='failed' stop='1602246597081'>
            <name>Eventbrite block</name>
            <title>Eventbrite block</title>
            <labels/>
            <parameters/>
            <steps>
                <step start='1602246563003' status='undefined'>
                    <name>Can visit the block editor and add a Eventbrite block</name>
                    <title>Can visit the block editor and add a Eventbrite block</title>
                    <attachments>
                        <attachment title='Test failed: Free blocks :: Eventbrite block' source='09c4e562-ded0-427b-b385-9ef82e3889bd-attachment.png' type='image/png' size='32981'/>
                    </attachments>
                    <steps/>
                </step>
            </steps>
            <attachments/>
            <failure>
                <message>TimeoutError: waiting for selector "#toplevel_page_jetpack a[href$="jetpack#/dashboard"], #toplevel_page_jetpack a[href$="jetpack"]" failed: timeout 30000ms exceeded</message>
                <stack-trace>TimeoutError: waiting for selector "#toplevel_page_jetpack a[href$="jetpack#/dashboard"], #toplevel_page_jetpack a[href$="jetpack"]" failed: timeout 30000ms exceeded
                    at new WaitTask (/home/travis/build/Automattic/jetpack/node_modules/puppeteer/lib/DOMWorld.js:549:28)
                    at DOMWorld._waitForSelectorOrXPath (/home/travis/build/Automattic/jetpack/node_modules/puppeteer/lib/DOMWorld.js:478:22)
                    at DOMWorld.waitForSelector (/home/travis/build/Automattic/jetpack/node_modules/puppeteer/lib/DOMWorld.js:432:17)
                    at Frame.waitForSelector (/home/travis/build/Automattic/jetpack/node_modules/puppeteer/lib/FrameManager.js:627:47)
                    at Frame.&lt;anonymous> (/home/travis/build/Automattic/jetpack/node_modules/puppeteer/lib/helper.js:112:23)
                    at Page.waitForSelector (/home/travis/build/Automattic/jetpack/node_modules/puppeteer/lib/Page.js:1122:29)
                    at waitForSelector (/home/travis/build/Automattic/jetpack/tests/e2e/lib/page-helper.js:33:30)
                    at tryCatch (/home/travis/build/Automattic/jetpack/node_modules/regenerator-runtime/runtime.js:45:40)
                    at Generator.invoke [as _invoke] (/home/travis/build/Automattic/jetpack/node_modules/regenerator-runtime/runtime.js:274:22)
                    at Generator.prototype.&lt;computed> [as next] (/home/travis/build/Automattic/jetpack/node_modules/regenerator-runtime/runtime.js:97:21)
                  -- ASYNC --
                    at Frame.&lt;anonymous> (/home/travis/build/Automattic/jetpack/node_modules/puppeteer/lib/helper.js:111:15)
                    at Page.waitForSelector (/home/travis/build/Automattic/jetpack/node_modules/puppeteer/lib/Page.js:1122:29)
                    at waitForSelector (/home/travis/build/Automattic/jetpack/tests/e2e/lib/page-helper.js:33:30)
                    at tryCatch (/home/travis/build/Automattic/jetpack/node_modules/regenerator-runtime/runtime.js:45:40)
                    at Generator.invoke [as _invoke] (/home/travis/build/Automattic/jetpack/node_modules/regenerator-runtime/runtime.js:274:22)
                    at Generator.prototype.&lt;computed> [as next] (/home/travis/build/Automattic/jetpack/node_modules/regenerator-runtime/runtime.js:97:21)
                    at asyncGeneratorStep (/home/travis/build/Automattic/jetpack/node_modules/@babel/runtime/helpers/asyncToGenerator.js:3:24)
                    at _next (/home/travis/build/Automattic/jetpack/node_modules/@babel/runtime/helpers/asyncToGenerator.js:25:9)
                    at /home/travis/build/Automattic/jetpack/node_modules/@babel/runtime/helpers/asyncToGenerator.js:32:7
                    at new Promise (&lt;anonymous>)</stack-trace>
            </failure>
        </test-case>
    </test-cases>
</ns2:test-suite>