<?xml version='1.0'?>
<ns2:test-suite xmlns:ns2='urn:model.allure.qatools.yandex.ru' start='1592269719446' stop='1592269778657'>
    <name>Paid blocks</name>
    <title>Paid blocks</title>
    <test-cases>
        <test-case start='1592269742891' status='failed' stop='1592269760526'>
            <name>MailChimp Block</name>
            <title>MailChimp Block</title>
            <labels/>
            <parameters/>
            <steps>
                <step start='1592269742892' status='passed' stop='1592269749802'>
                    <name>Can visit the block editor and add a MailChimp block</name>
                    <title>Can visit the block editor and add a MailChimp block</title>
                    <attachments/>
                    <steps/>
                </step>
                <step start='1592269749802' status='passed' stop='1592269757272'>
                    <name>Can connect to a MailChimp</name>
                    <title>Can connect to a MailChimp</title>
                    <attachments/>
                    <steps/>
                </step>
                <step start='1592269757272' status='passed' stop='1592269760488'>
                    <name>Can publish a post and assert that MailChimp block is rendered</name>
                    <title>Can publish a post and assert that MailChimp block is rendered</title>
                    <attachments/>
                    <steps/>
                </step>
            </steps>
            <attachments/>
            <failure>
                <message>TypeError: Cannot read property 'currentStep' of undefined</message>
                <stack-trace>TypeError: Cannot read property 'currentStep' of undefined
                    at Allure.Object.&lt;anonymous>.Allure.addAttachment (/home/travis/build/Automattic/jetpack/node_modules/allure-js-commons/index.js:86:45)
                    at Reporter.addAttachment (/home/travis/build/Automattic/jetpack/node_modules/jest-allure/dist/Reporter.js:60:21)
                    at addAttachment (/home/travis/build/Automattic/jetpack/tests/e2e/lib/setup-env.js:24:12)
                    at tryCatch (/home/travis/build/Automattic/jetpack/node_modules/@babel/runtime/node_modules/regenerator-runtime/runtime.js:45:40)
                    at Generator.invoke [as _invoke] (/home/travis/build/Automattic/jetpack/node_modules/@babel/runtime/node_modules/regenerator-runtime/runtime.js:274:22)
                    at Generator.prototype.(anonymous function) [as next] (/home/travis/build/Automattic/jetpack/node_modules/@babel/runtime/node_modules/regenerator-runtime/runtime.js:97:21)
                    at asyncGeneratorStep (/home/travis/build/Automattic/jetpack/node_modules/@babel/runtime/helpers/asyncToGenerator.js:3:24)
                    at _next (/home/travis/build/Automattic/jetpack/node_modules/@babel/runtime/helpers/asyncToGenerator.js:25:9)</stack-trace>
            </failure>
        </test-case>
        <test-case start='1592269760526' status='failed' stop='1592269771559'>
            <name>Simple Payment block</name>
            <title>Simple Payment block</title>
            <labels/>
            <parameters/>
            <steps>
                <step start='1592269760527' status='passed' stop='1592269764146'>
                    <name>Can visit the block editor and add a Simple Payment block</name>
                    <title>Can visit the block editor and add a Simple Payment block</title>
                    <attachments/>
                    <steps/>
                </step>
                <step start='1592269764146' status='passed' stop='1592269768995'>
                    <name>Can fill details of Simple Payment block</name>
                    <title>Can fill details of Simple Payment block</title>
                    <attachments/>
                    <steps/>
                </step>
                <step start='1592269768995' status='passed' stop='1592269771554'>
                    <name>Can publish a post and assert that Simple Payment block is rendered</name>
                    <title>Can publish a post and assert that Simple Payment block is rendered</title>
                    <attachments/>
                    <steps/>
                </step>
            </steps>
            <attachments/>
            <failure>
                <message>TypeError: Cannot read property 'currentStep' of undefined</message>
                <stack-trace>TypeError: Cannot read property 'currentStep' of undefined
                    at Allure.Object.&lt;anonymous>.Allure.addAttachment (/home/travis/build/Automattic/jetpack/node_modules/allure-js-commons/index.js:86:45)
                    at Reporter.addAttachment (/home/travis/build/Automattic/jetpack/node_modules/jest-allure/dist/Reporter.js:60:21)
                    at addAttachment (/home/travis/build/Automattic/jetpack/tests/e2e/lib/setup-env.js:24:12)
                    at tryCatch (/home/travis/build/Automattic/jetpack/node_modules/@babel/runtime/node_modules/regenerator-runtime/runtime.js:45:40)
                    at Generator.invoke [as _invoke] (/home/travis/build/Automattic/jetpack/node_modules/@babel/runtime/node_modules/regenerator-runtime/runtime.js:274:22)
                    at Generator.prototype.(anonymous function) [as next] (/home/travis/build/Automattic/jetpack/node_modules/@babel/runtime/node_modules/regenerator-runtime/runtime.js:97:21)
                    at asyncGeneratorStep (/home/travis/build/Automattic/jetpack/node_modules/@babel/runtime/helpers/asyncToGenerator.js:3:24)
                    at _next (/home/travis/build/Automattic/jetpack/node_modules/@babel/runtime/helpers/asyncToGenerator.js:25:9)</stack-trace>
            </failure>
        </test-case>
        <test-case start='1592269771559' status='failed' stop='1592269777426'>
            <name>WordAds block</name>
            <title>WordAds block</title>
            <labels/>
            <parameters/>
            <steps>
                <step start='1592269771560' status='passed' stop='1592269774289'>
                    <name>Can visit the block editor and add a WordAds block</name>
                    <title>Can visit the block editor and add a WordAds block</title>
                    <attachments/>
                    <steps/>
                </step>
                <step start='1592269774289' status='passed' stop='1592269775163'>
                    <name>Can switch to Wide Skyscraper ad format</name>
                    <title>Can switch to Wide Skyscraper ad format</title>
                    <attachments/>
                    <steps/>
                </step>
                <step start='1592269775163' status='passed' stop='1592269777395'>
                    <name>Can publish a post and assert that WordAds block is rendered</name>
                    <title>Can publish a post and assert that WordAds block is rendered</title>
                    <attachments/>
                    <steps/>
                </step>
            </steps>
            <attachments/>
            <failure>
                <message>TypeError: Cannot read property 'currentStep' of undefined</message>
                <stack-trace>TypeError: Cannot read property 'currentStep' of undefined
                    at Allure.Object.&lt;anonymous>.Allure.addAttachment (/home/travis/build/Automattic/jetpack/node_modules/allure-js-commons/index.js:86:45)
                    at Reporter.addAttachment (/home/travis/build/Automattic/jetpack/node_modules/jest-allure/dist/Reporter.js:60:21)
                    at addAttachment (/home/travis/build/Automattic/jetpack/tests/e2e/lib/setup-env.js:24:12)
                    at tryCatch (/home/travis/build/Automattic/jetpack/node_modules/@babel/runtime/node_modules/regenerator-runtime/runtime.js:45:40)
                    at Generator.invoke [as _invoke] (/home/travis/build/Automattic/jetpack/node_modules/@babel/runtime/node_modules/regenerator-runtime/runtime.js:274:22)
                    at Generator.prototype.(anonymous function) [as next] (/home/travis/build/Automattic/jetpack/node_modules/@babel/runtime/node_modules/regenerator-runtime/runtime.js:97:21)
                    at asyncGeneratorStep (/home/travis/build/Automattic/jetpack/node_modules/@babel/runtime/helpers/asyncToGenerator.js:3:24)
                    at _next (/home/travis/build/Automattic/jetpack/node_modules/@babel/runtime/helpers/asyncToGenerator.js:25:9)</stack-trace>
            </failure>
        </test-case>
    </test-cases>
</ns2:test-suite>