<?xml version='1.0'?>
<ns2:test-suite xmlns:ns2='urn:model.allure.qatools.yandex.ru' start='1600354421239' stop='1600354510434'>
    <name>Jetpack pre-connection</name>
    <title>Jetpack pre-connection</title>
    <test-cases>
        <test-case start='1600354425766' status='failed' stop='1600354453739'>
            <name>Can find connect button on plugins page</name>
            <title>Can find connect button on plugins page</title>
            <labels/>
            <parameters/>
            <steps/>
            <attachments>
                <attachment title='Test failed: Jetpack pre-connection :: Can find connect button on plugins page' source='fa998ccc-a7f8-4727-b03a-0c13c7363d4a-attachment.png' type='image/png' size='374117'/>
            </attachments>
            <failure>
                <message>TimeoutError: waiting for selector ".plan-features__table button.is-premium-plan:not([disabled])" failed: timeout 25000ms exceeded</message>
                <stack-trace>TimeoutError: waiting for selector ".plan-features__table button.is-premium-plan:not([disabled])" failed: timeout 25000ms exceeded
                    at new WaitTask (/home/travis/build/Automattic/jetpack/node_modules/puppeteer/lib/DOMWorld.js:549:28)
                    at DOMWorld._waitForSelectorOrXPath (/home/travis/build/Automattic/jetpack/node_modules/puppeteer/lib/DOMWorld.js:478:22)
                    at DOMWorld.waitForSelector (/home/travis/build/Automattic/jetpack/node_modules/puppeteer/lib/DOMWorld.js:432:17)
                    at Frame.waitForSelector (/home/travis/build/Automattic/jetpack/node_modules/puppeteer/lib/FrameManager.js:627:47)
                    at Frame.&lt;anonymous> (/home/travis/build/Automattic/jetpack/node_modules/puppeteer/lib/helper.js:112:23)
                    at Page.waitForSelector (/home/travis/build/Automattic/jetpack/node_modules/puppeteer/lib/Page.js:1122:29)
                    at waitForSelector (/home/travis/build/Automattic/jetpack/tests/e2e/lib/page-helper.js:33:30)
                    at tryCatch (/home/travis/build/Automattic/jetpack/node_modules/regenerator-runtime/runtime.js:45:40)
                    at Generator.invoke [as _invoke] (/home/travis/build/Automattic/jetpack/node_modules/regenerator-runtime/runtime.js:274:22)
                    at Generator.prototype.&lt;computed> [as next] (/home/travis/build/Automattic/jetpack/node_modules/regenerator-runtime/runtime.js:97:21)
                  -- ASYNC --
                    at Frame.&lt;anonymous> (/home/travis/build/Automattic/jetpack/node_modules/puppeteer/lib/helper.js:111:15)
                    at Page.waitForSelector (/home/travis/build/Automattic/jetpack/node_modules/puppeteer/lib/Page.js:1122:29)
                    at waitForSelector (/home/travis/build/Automattic/jetpack/tests/e2e/lib/page-helper.js:33:30)
                    at tryCatch (/home/travis/build/Automattic/jetpack/node_modules/regenerator-runtime/runtime.js:45:40)
                    at Generator.invoke [as _invoke] (/home/travis/build/Automattic/jetpack/node_modules/regenerator-runtime/runtime.js:274:22)
                    at Generator.prototype.&lt;computed> [as next] (/home/travis/build/Automattic/jetpack/node_modules/regenerator-runtime/runtime.js:97:21)
                    at asyncGeneratorStep (/home/travis/build/Automattic/jetpack/node_modules/@babel/runtime/helpers/asyncToGenerator.js:3:24)
                    at _next (/home/travis/build/Automattic/jetpack/node_modules/@babel/runtime/helpers/asyncToGenerator.js:25:9)
                    at /home/travis/build/Automattic/jetpack/node_modules/@babel/runtime/helpers/asyncToGenerator.js:32:7
                    at new Promise (&lt;anonymous>)</stack-trace>
            </failure>
        </test-case>
        <test-case start='1600354453739' status='failed' stop='1600354481765'>
            <name>Can find connect button on dashboard page</name>
            <title>Can find connect button on dashboard page</title>
            <labels/>
            <parameters/>
            <steps/>
            <attachments>
                <attachment title='Test failed: Jetpack pre-connection :: Can find connect button on dashboard page' source='7acf6c03-1dd0-447a-81ed-e4cd266f2cb1-attachment.png' type='image/png' size='374117'/>
            </attachments>
            <failure>
                <message>TimeoutError: waiting for selector ".plan-features__table button.is-premium-plan:not([disabled])" failed: timeout 25000ms exceeded</message>
                <stack-trace>TimeoutError: waiting for selector ".plan-features__table button.is-premium-plan:not([disabled])" failed: timeout 25000ms exceeded
                    at new WaitTask (/home/travis/build/Automattic/jetpack/node_modules/puppeteer/lib/DOMWorld.js:549:28)
                    at DOMWorld._waitForSelectorOrXPath (/home/travis/build/Automattic/jetpack/node_modules/puppeteer/lib/DOMWorld.js:478:22)
                    at DOMWorld.waitForSelector (/home/travis/build/Automattic/jetpack/node_modules/puppeteer/lib/DOMWorld.js:432:17)
                    at Frame.waitForSelector (/home/travis/build/Automattic/jetpack/node_modules/puppeteer/lib/FrameManager.js:627:47)
                    at Frame.&lt;anonymous> (/home/travis/build/Automattic/jetpack/node_modules/puppeteer/lib/helper.js:112:23)
                    at Page.waitForSelector (/home/travis/build/Automattic/jetpack/node_modules/puppeteer/lib/Page.js:1122:29)
                    at waitForSelector (/home/travis/build/Automattic/jetpack/tests/e2e/lib/page-helper.js:33:30)
                    at tryCatch (/home/travis/build/Automattic/jetpack/node_modules/regenerator-runtime/runtime.js:45:40)
                    at Generator.invoke [as _invoke] (/home/travis/build/Automattic/jetpack/node_modules/regenerator-runtime/runtime.js:274:22)
                    at Generator.prototype.&lt;computed> [as next] (/home/travis/build/Automattic/jetpack/node_modules/regenerator-runtime/runtime.js:97:21)
                  -- ASYNC --
                    at Frame.&lt;anonymous> (/home/travis/build/Automattic/jetpack/node_modules/puppeteer/lib/helper.js:111:15)
                    at Page.waitForSelector (/home/travis/build/Automattic/jetpack/node_modules/puppeteer/lib/Page.js:1122:29)
                    at waitForSelector (/home/travis/build/Automattic/jetpack/tests/e2e/lib/page-helper.js:33:30)
                    at tryCatch (/home/travis/build/Automattic/jetpack/node_modules/regenerator-runtime/runtime.js:45:40)
                    at Generator.invoke [as _invoke] (/home/travis/build/Automattic/jetpack/node_modules/regenerator-runtime/runtime.js:274:22)
                    at Generator.prototype.&lt;computed> [as next] (/home/travis/build/Automattic/jetpack/node_modules/regenerator-runtime/runtime.js:97:21)
                    at asyncGeneratorStep (/home/travis/build/Automattic/jetpack/node_modules/@babel/runtime/helpers/asyncToGenerator.js:3:24)
                    at _next (/home/travis/build/Automattic/jetpack/node_modules/@babel/runtime/helpers/asyncToGenerator.js:25:9)
                    at /home/travis/build/Automattic/jetpack/node_modules/@babel/runtime/helpers/asyncToGenerator.js:32:7
                    at new Promise (&lt;anonymous>)</stack-trace>
            </failure>
        </test-case>
        <test-case start='1600354481765' status='failed' stop='1600354509678'>
            <name>Can find connect button on Jetpack page</name>
            <title>Can find connect button on Jetpack page</title>
            <labels/>
            <parameters/>
            <steps/>
            <attachments>
                <attachment title='Test failed: Jetpack pre-connection :: Can find connect button on Jetpack page' source='3ce8416a-4fed-4a58-9cf6-e1d96e63dd52-attachment.png' type='image/png' size='374117'/>
            </attachments>
            <failure>
                <message>TimeoutError: waiting for selector ".plan-features__table button.is-premium-plan:not([disabled])" failed: timeout 25000ms exceeded</message>
                <stack-trace>TimeoutError: waiting for selector ".plan-features__table button.is-premium-plan:not([disabled])" failed: timeout 25000ms exceeded
                    at new WaitTask (/home/travis/build/Automattic/jetpack/node_modules/puppeteer/lib/DOMWorld.js:549:28)
                    at DOMWorld._waitForSelectorOrXPath (/home/travis/build/Automattic/jetpack/node_modules/puppeteer/lib/DOMWorld.js:478:22)
                    at DOMWorld.waitForSelector (/home/travis/build/Automattic/jetpack/node_modules/puppeteer/lib/DOMWorld.js:432:17)
                    at Frame.waitForSelector (/home/travis/build/Automattic/jetpack/node_modules/puppeteer/lib/FrameManager.js:627:47)
                    at Frame.&lt;anonymous> (/home/travis/build/Automattic/jetpack/node_modules/puppeteer/lib/helper.js:112:23)
                    at Page.waitForSelector (/home/travis/build/Automattic/jetpack/node_modules/puppeteer/lib/Page.js:1122:29)
                    at waitForSelector (/home/travis/build/Automattic/jetpack/tests/e2e/lib/page-helper.js:33:30)
                    at tryCatch (/home/travis/build/Automattic/jetpack/node_modules/regenerator-runtime/runtime.js:45:40)
                    at Generator.invoke [as _invoke] (/home/travis/build/Automattic/jetpack/node_modules/regenerator-runtime/runtime.js:274:22)
                    at Generator.prototype.&lt;computed> [as next] (/home/travis/build/Automattic/jetpack/node_modules/regenerator-runtime/runtime.js:97:21)
                  -- ASYNC --
                    at Frame.&lt;anonymous> (/home/travis/build/Automattic/jetpack/node_modules/puppeteer/lib/helper.js:111:15)
                    at Page.waitForSelector (/home/travis/build/Automattic/jetpack/node_modules/puppeteer/lib/Page.js:1122:29)
                    at waitForSelector (/home/travis/build/Automattic/jetpack/tests/e2e/lib/page-helper.js:33:30)
                    at tryCatch (/home/travis/build/Automattic/jetpack/node_modules/regenerator-runtime/runtime.js:45:40)
                    at Generator.invoke [as _invoke] (/home/travis/build/Automattic/jetpack/node_modules/regenerator-runtime/runtime.js:274:22)
                    at Generator.prototype.&lt;computed> [as next] (/home/travis/build/Automattic/jetpack/node_modules/regenerator-runtime/runtime.js:97:21)
                    at asyncGeneratorStep (/home/travis/build/Automattic/jetpack/node_modules/@babel/runtime/helpers/asyncToGenerator.js:3:24)
                    at _next (/home/travis/build/Automattic/jetpack/node_modules/@babel/runtime/helpers/asyncToGenerator.js:25:9)
                    at /home/travis/build/Automattic/jetpack/node_modules/@babel/runtime/helpers/asyncToGenerator.js:32:7
                    at new Promise (&lt;anonymous>)</stack-trace>
            </failure>
        </test-case>
    </test-cases>
</ns2:test-suite>