<?xml version='1.0'?>
<ns2:test-suite xmlns:ns2='urn:model.allure.qatools.yandex.ru' start='1610474168799' stop='1610474180150'>
    <name>Free blocks</name>
    <title>Free blocks</title>
    <test-cases>
        <test-case start='1610474172595' status='failed' stop='1610474176372'>
            <name>Pinterest block</name>
            <title>Pinterest block</title>
            <labels/>
            <parameters/>
            <steps>
                <step start='1610474172596' status='undefined'>
                    <name>Can visit the block editor and add a Pinterest block</name>
                    <title>Can visit the block editor and add a Pinterest block</title>
                    <attachments>
                        <attachment title='Test failed: Free blocks :: Pinterest block' source='ce3f8295-fc02-4bcf-9b03-e772070383d4-attachment.png' type='image/png' size='4214'/>
                    </attachments>
                    <steps/>
                </step>
            </steps>
            <attachments/>
            <failure>
                <message>Error: net::ERR_CERT_DATE_INVALID at http://a8c-localtunnel.cyou/api/tunnels/ancient-fish-98/delete</message>
                <stack-trace>Error: net::ERR_CERT_DATE_INVALID at http://a8c-localtunnel.cyou/api/tunnels/ancient-fish-98/delete
                    at navigate (/home/runner/work/jetpack/jetpack/node_modules/puppeteer/lib/cjs/puppeteer/common/FrameManager.js:115:23)
                    at runMicrotasks (&lt;anonymous>)
                    at processTicksAndRejections (internal/process/task_queues.js:97:5)
                    at FrameManager.navigateFrame (/home/runner/work/jetpack/jetpack/node_modules/puppeteer/lib/cjs/puppeteer/common/FrameManager.js:90:21)
                    at Frame.goto (/home/runner/work/jetpack/jetpack/node_modules/puppeteer/lib/cjs/puppeteer/common/FrameManager.js:417:16)
                    at Page.goto (/home/runner/work/jetpack/jetpack/node_modules/puppeteer/lib/cjs/puppeteer/common/Page.js:784:16)</stack-trace>
            </failure>
        </test-case>
        <test-case start='1610474176372' status='failed' stop='1610474180149'>
            <name>Eventbrite block</name>
            <title>Eventbrite block</title>
            <labels/>
            <parameters/>
            <steps>
                <step start='1610474176373' status='undefined'>
                    <name>Can visit the block editor and add a Eventbrite block</name>
                    <title>Can visit the block editor and add a Eventbrite block</title>
                    <attachments>
                        <attachment title='Test failed: Free blocks :: Eventbrite block' source='f7b5a5c2-bd0e-4d3d-b2cc-881e0ac25b3d-attachment.png' type='image/png' size='4214'/>
                    </attachments>
                    <steps/>
                </step>
            </steps>
            <attachments/>
            <failure>
                <message>Error: net::ERR_CERT_DATE_INVALID at http://a8c-localtunnel.cyou/api/tunnels/ancient-fish-98/delete</message>
                <stack-trace>Error: net::ERR_CERT_DATE_INVALID at http://a8c-localtunnel.cyou/api/tunnels/ancient-fish-98/delete
                    at navigate (/home/runner/work/jetpack/jetpack/node_modules/puppeteer/lib/cjs/puppeteer/common/FrameManager.js:115:23)
                    at runMicrotasks (&lt;anonymous>)
                    at processTicksAndRejections (internal/process/task_queues.js:97:5)
                    at FrameManager.navigateFrame (/home/runner/work/jetpack/jetpack/node_modules/puppeteer/lib/cjs/puppeteer/common/FrameManager.js:90:21)
                    at Frame.goto (/home/runner/work/jetpack/jetpack/node_modules/puppeteer/lib/cjs/puppeteer/common/FrameManager.js:417:16)
                    at Page.goto (/home/runner/work/jetpack/jetpack/node_modules/puppeteer/lib/cjs/puppeteer/common/Page.js:784:16)</stack-trace>
            </failure>
        </test-case>
    </test-cases>
</ns2:test-suite>