<?xml version='1.0'?>
<ns2:test-suite xmlns:ns2='urn:model.allure.qatools.yandex.ru' start='1604443668152' stop='1604443894320'>
    <name>Paid blocks</name>
    <title>Paid blocks</title>
    <test-cases>
        <test-case start='1604443708805' status='failed' stop='1604443742235'>
            <name>MailChimp Block</name>
            <title>MailChimp Block</title>
            <labels/>
            <parameters/>
            <steps>
                <step start='1604443708807' status='undefined'>
                    <name>Can visit the block editor and add a MailChimp block</name>
                    <title>Can visit the block editor and add a MailChimp block</title>
                    <attachments>
                        <attachment title='Test failed: Paid blocks :: MailChimp Block' source='2bcd0723-36ba-467a-852e-b19b9ade8045-attachment.png' type='image/png' size='62779'/>
                    </attachments>
                    <steps/>
                </step>
            </steps>
            <attachments/>
            <failure>
                <message>Error: Protocol error (Page.captureScreenshot): Cannot take screenshot with 0 width.</message>
                <stack-trace>Error: Protocol error (Page.captureScreenshot): Cannot take screenshot with 0 width.
                    at /home/runner/work/jetpack/jetpack/node_modules/puppeteer/lib/Connection.js:183:56
                    at new Promise (&lt;anonymous>)
                    at CDPSession.send (/home/runner/work/jetpack/jetpack/node_modules/puppeteer/lib/Connection.js:182:12)
                    at Page._screenshotTask (/home/runner/work/jetpack/jetpack/node_modules/puppeteer/lib/Page.js:948:39)
                    at runMicrotasks (&lt;anonymous>)
                    at processTicksAndRejections (internal/process/task_queues.js:97:5)
                  -- ASYNC --
                    at Page.&lt;anonymous> (/home/runner/work/jetpack/jetpack/node_modules/puppeteer/lib/helper.js:111:15)
                    at screenshot (/home/runner/work/jetpack/jetpack/tests/e2e/lib/reporters/screenshot.js:15:13)
                    at tryCatch (/home/runner/work/jetpack/jetpack/node_modules/regenerator-runtime/runtime.js:45:40)
                    at Generator.invoke [as _invoke] (/home/runner/work/jetpack/jetpack/node_modules/regenerator-runtime/runtime.js:274:22)
                    at Generator.prototype.&lt;computed> [as next] (/home/runner/work/jetpack/jetpack/node_modules/regenerator-runtime/runtime.js:97:21)
                    at asyncGeneratorStep (/home/runner/work/jetpack/jetpack/node_modules/@babel/runtime/helpers/asyncToGenerator.js:3:24)
                    at _next (/home/runner/work/jetpack/jetpack/node_modules/@babel/runtime/helpers/asyncToGenerator.js:25:9)
                    at /home/runner/work/jetpack/jetpack/node_modules/@babel/runtime/helpers/asyncToGenerator.js:32:7
                    at new Promise (&lt;anonymous>)
                    at /home/runner/work/jetpack/jetpack/node_modules/@babel/runtime/helpers/asyncToGenerator.js:21:12</stack-trace>
            </failure>
        </test-case>
        <test-case start='1604443742235' status='failed' stop='1604443781098'>
            <name>Pay with PayPal</name>
            <title>Pay with PayPal</title>
            <labels/>
            <parameters/>
            <steps>
                <step start='1604443742236' status='undefined'>
                    <name>Can visit the block editor and add a Pay with PayPal block</name>
                    <title>Can visit the block editor and add a Pay with PayPal block</title>
                    <attachments/>
                    <steps/>
                </step>
            </steps>
            <attachments/>
            <failure>
                <message>Error: Protocol error (Page.captureScreenshot): Cannot take screenshot with 0 width.</message>
                <stack-trace>Error: Protocol error (Page.captureScreenshot): Cannot take screenshot with 0 width.
                    at /home/runner/work/jetpack/jetpack/node_modules/puppeteer/lib/Connection.js:183:56
                    at new Promise (&lt;anonymous>)
                    at CDPSession.send (/home/runner/work/jetpack/jetpack/node_modules/puppeteer/lib/Connection.js:182:12)
                    at Page._screenshotTask (/home/runner/work/jetpack/jetpack/node_modules/puppeteer/lib/Page.js:948:39)
                    at runMicrotasks (&lt;anonymous>)
                    at processTicksAndRejections (internal/process/task_queues.js:97:5)
                  -- ASYNC --
                    at Page.&lt;anonymous> (/home/runner/work/jetpack/jetpack/node_modules/puppeteer/lib/helper.js:111:15)
                    at screenshot (/home/runner/work/jetpack/jetpack/tests/e2e/lib/reporters/screenshot.js:15:13)
                    at tryCatch (/home/runner/work/jetpack/jetpack/node_modules/regenerator-runtime/runtime.js:45:40)
                    at Generator.invoke [as _invoke] (/home/runner/work/jetpack/jetpack/node_modules/regenerator-runtime/runtime.js:274:22)
                    at Generator.prototype.&lt;computed> [as next] (/home/runner/work/jetpack/jetpack/node_modules/regenerator-runtime/runtime.js:97:21)
                    at asyncGeneratorStep (/home/runner/work/jetpack/jetpack/node_modules/@babel/runtime/helpers/asyncToGenerator.js:3:24)
                    at _next (/home/runner/work/jetpack/jetpack/node_modules/@babel/runtime/helpers/asyncToGenerator.js:25:9)
                    at /home/runner/work/jetpack/jetpack/node_modules/@babel/runtime/helpers/asyncToGenerator.js:32:7
                    at new Promise (&lt;anonymous>)
                    at /home/runner/work/jetpack/jetpack/node_modules/@babel/runtime/helpers/asyncToGenerator.js:21:12</stack-trace>
            </failure>
        </test-case>
        <test-case start='1604443781098' status='failed' stop='1604443890637'>
            <name>WordAds block</name>
            <title>WordAds block</title>
            <labels/>
            <parameters/>
            <steps>
                <step start='1604443781099' status='undefined'>
                    <name>Can visit the block editor and add a WordAds block</name>
                    <title>Can visit the block editor and add a WordAds block</title>
                    <attachments>
                        <attachment title='Test failed: Paid blocks :: WordAds block' source='38a24252-6714-4bde-8ba1-fa7cdbe1033d-attachment.png' type='image/png' size='40965'/>
                    </attachments>
                    <steps/>
                </step>
            </steps>
            <attachments/>
            <failure>
                <message>Error: Protocol error (Page.captureScreenshot): Cannot take screenshot with 0 width.</message>
                <stack-trace>Error: Protocol error (Page.captureScreenshot): Cannot take screenshot with 0 width.
                    at /home/runner/work/jetpack/jetpack/node_modules/puppeteer/lib/Connection.js:183:56
                    at new Promise (&lt;anonymous>)
                    at CDPSession.send (/home/runner/work/jetpack/jetpack/node_modules/puppeteer/lib/Connection.js:182:12)
                    at Page._screenshotTask (/home/runner/work/jetpack/jetpack/node_modules/puppeteer/lib/Page.js:948:39)
                    at runMicrotasks (&lt;anonymous>)
                    at processTicksAndRejections (internal/process/task_queues.js:97:5)
                  -- ASYNC --
                    at Page.&lt;anonymous> (/home/runner/work/jetpack/jetpack/node_modules/puppeteer/lib/helper.js:111:15)
                    at screenshot (/home/runner/work/jetpack/jetpack/tests/e2e/lib/reporters/screenshot.js:15:13)
                    at tryCatch (/home/runner/work/jetpack/jetpack/node_modules/regenerator-runtime/runtime.js:45:40)
                    at Generator.invoke [as _invoke] (/home/runner/work/jetpack/jetpack/node_modules/regenerator-runtime/runtime.js:274:22)
                    at Generator.prototype.&lt;computed> [as next] (/home/runner/work/jetpack/jetpack/node_modules/regenerator-runtime/runtime.js:97:21)
                    at asyncGeneratorStep (/home/runner/work/jetpack/jetpack/node_modules/@babel/runtime/helpers/asyncToGenerator.js:3:24)
                    at _next (/home/runner/work/jetpack/jetpack/node_modules/@babel/runtime/helpers/asyncToGenerator.js:25:9)
                    at /home/runner/work/jetpack/jetpack/node_modules/@babel/runtime/helpers/asyncToGenerator.js:32:7
                    at new Promise (&lt;anonymous>)
                    at /home/runner/work/jetpack/jetpack/node_modules/@babel/runtime/helpers/asyncToGenerator.js:21:12</stack-trace>
            </failure>
        </test-case>
    </test-cases>
</ns2:test-suite>