<?xml version='1.0'?>
<ns2:test-suite xmlns:ns2='urn:model.allure.qatools.yandex.ru' start='1608218372320' stop='1608218475192'>
    <name>Paid blocks</name>
    <title>Paid blocks</title>
    <test-cases>
        <test-case start='1608218379506' status='failed' stop='1608218410977'>
            <name>MailChimp Block</name>
            <title>MailChimp Block</title>
            <labels/>
            <parameters/>
            <steps>
                <step start='1608218379507' status='undefined'>
                    <name>Can visit the block editor and add a MailChimp block</name>
                    <title>Can visit the block editor and add a MailChimp block</title>
                    <attachments>
                        <attachment title='Test failed: Paid blocks :: MailChimp Block' source='bbc4b635-3a91-4eab-8536-c03e4aa1b2e9-attachment.png' type='image/png' size='22389'/>
                    </attachments>
                    <steps/>
                </step>
            </steps>
            <attachments/>
            <failure>
                <message>TimeoutError: waiting for selector `.wp-login__container` failed: timeout 45000ms exceeded</message>
                <stack-trace>TimeoutError: waiting for selector `.wp-login__container` failed: timeout 45000ms exceeded
                    at new WaitTask (/home/runner/work/jetpack/jetpack/node_modules/puppeteer/lib/cjs/puppeteer/common/DOMWorld.js:505:34)
                    at DOMWorld.waitForSelectorInPage (/home/runner/work/jetpack/jetpack/node_modules/puppeteer/lib/cjs/puppeteer/common/DOMWorld.js:416:26)
                    at Object.internalHandler.waitFor (/home/runner/work/jetpack/jetpack/node_modules/puppeteer/lib/cjs/puppeteer/common/QueryHandler.js:31:77)
                    at DOMWorld.waitForSelector (/home/runner/work/jetpack/jetpack/node_modules/puppeteer/lib/cjs/puppeteer/common/DOMWorld.js:312:29)
                    at Frame.waitForSelector (/home/runner/work/jetpack/jetpack/node_modules/puppeteer/lib/cjs/puppeteer/common/FrameManager.js:842:51)
                    at Page.waitForSelector (/home/runner/work/jetpack/jetpack/node_modules/puppeteer/lib/cjs/puppeteer/common/Page.js:1285:33)
                    at waitForSelector (/home/runner/work/jetpack/jetpack/tests/e2e/lib/page-helper.js:32:30)
                    at tryCatch (/home/runner/work/jetpack/jetpack/node_modules/regenerator-runtime/runtime.js:45:40)
                    at Generator.invoke [as _invoke] (/home/runner/work/jetpack/jetpack/node_modules/regenerator-runtime/runtime.js:274:22)
                    at Generator.prototype.&lt;computed> [as next] (/home/runner/work/jetpack/jetpack/node_modules/regenerator-runtime/runtime.js:97:21)</stack-trace>
            </failure>
        </test-case>
        <test-case start='1608218410977' status='failed' stop='1608218440720'>
            <name>Pay with PayPal</name>
            <title>Pay with PayPal</title>
            <labels/>
            <parameters/>
            <steps>
                <step start='1608218410978' status='undefined'>
                    <name>Can visit the block editor and add a Pay with PayPal block</name>
                    <title>Can visit the block editor and add a Pay with PayPal block</title>
                    <attachments>
                        <attachment title='Test failed: Paid blocks :: Pay with PayPal' source='539a2b24-06bc-45fc-97ae-c97b389427f2-attachment.png' type='image/png' size='22404'/>
                    </attachments>
                    <steps/>
                </step>
            </steps>
            <attachments/>
            <failure>
                <message>TimeoutError: waiting for selector `.wp-login__container` failed: timeout 45000ms exceeded</message>
                <stack-trace>TimeoutError: waiting for selector `.wp-login__container` failed: timeout 45000ms exceeded
                    at new WaitTask (/home/runner/work/jetpack/jetpack/node_modules/puppeteer/lib/cjs/puppeteer/common/DOMWorld.js:505:34)
                    at DOMWorld.waitForSelectorInPage (/home/runner/work/jetpack/jetpack/node_modules/puppeteer/lib/cjs/puppeteer/common/DOMWorld.js:416:26)
                    at Object.internalHandler.waitFor (/home/runner/work/jetpack/jetpack/node_modules/puppeteer/lib/cjs/puppeteer/common/QueryHandler.js:31:77)
                    at DOMWorld.waitForSelector (/home/runner/work/jetpack/jetpack/node_modules/puppeteer/lib/cjs/puppeteer/common/DOMWorld.js:312:29)
                    at Frame.waitForSelector (/home/runner/work/jetpack/jetpack/node_modules/puppeteer/lib/cjs/puppeteer/common/FrameManager.js:842:51)
                    at Page.waitForSelector (/home/runner/work/jetpack/jetpack/node_modules/puppeteer/lib/cjs/puppeteer/common/Page.js:1285:33)
                    at waitForSelector (/home/runner/work/jetpack/jetpack/tests/e2e/lib/page-helper.js:32:30)
                    at tryCatch (/home/runner/work/jetpack/jetpack/node_modules/regenerator-runtime/runtime.js:45:40)
                    at Generator.invoke [as _invoke] (/home/runner/work/jetpack/jetpack/node_modules/regenerator-runtime/runtime.js:274:22)
                    at Generator.prototype.&lt;computed> [as next] (/home/runner/work/jetpack/jetpack/node_modules/regenerator-runtime/runtime.js:97:21)</stack-trace>
            </failure>
        </test-case>
        <test-case start='1608218440720' status='failed' stop='1608218471434'>
            <name>WordAds block</name>
            <title>WordAds block</title>
            <labels/>
            <parameters/>
            <steps>
                <step start='1608218440720' status='undefined'>
                    <name>Can visit the block editor and add a WordAds block</name>
                    <title>Can visit the block editor and add a WordAds block</title>
                    <attachments>
                        <attachment title='Test failed: Paid blocks :: WordAds block' source='76c44b0e-cfa3-47c8-9ab4-5617f807afeb-attachment.png' type='image/png' size='22389'/>
                    </attachments>
                    <steps/>
                </step>
            </steps>
            <attachments/>
            <failure>
                <message>TimeoutError: waiting for selector `.wp-login__container` failed: timeout 45000ms exceeded</message>
                <stack-trace>TimeoutError: waiting for selector `.wp-login__container` failed: timeout 45000ms exceeded
                    at new WaitTask (/home/runner/work/jetpack/jetpack/node_modules/puppeteer/lib/cjs/puppeteer/common/DOMWorld.js:505:34)
                    at DOMWorld.waitForSelectorInPage (/home/runner/work/jetpack/jetpack/node_modules/puppeteer/lib/cjs/puppeteer/common/DOMWorld.js:416:26)
                    at Object.internalHandler.waitFor (/home/runner/work/jetpack/jetpack/node_modules/puppeteer/lib/cjs/puppeteer/common/QueryHandler.js:31:77)
                    at DOMWorld.waitForSelector (/home/runner/work/jetpack/jetpack/node_modules/puppeteer/lib/cjs/puppeteer/common/DOMWorld.js:312:29)
                    at Frame.waitForSelector (/home/runner/work/jetpack/jetpack/node_modules/puppeteer/lib/cjs/puppeteer/common/FrameManager.js:842:51)
                    at Page.waitForSelector (/home/runner/work/jetpack/jetpack/node_modules/puppeteer/lib/cjs/puppeteer/common/Page.js:1285:33)
                    at waitForSelector (/home/runner/work/jetpack/jetpack/tests/e2e/lib/page-helper.js:32:30)
                    at tryCatch (/home/runner/work/jetpack/jetpack/node_modules/regenerator-runtime/runtime.js:45:40)
                    at Generator.invoke [as _invoke] (/home/runner/work/jetpack/jetpack/node_modules/regenerator-runtime/runtime.js:274:22)
                    at Generator.prototype.&lt;computed> [as next] (/home/runner/work/jetpack/jetpack/node_modules/regenerator-runtime/runtime.js:97:21)</stack-trace>
            </failure>
        </test-case>
    </test-cases>
</ns2:test-suite>