<?xml version='1.0'?>
<ns2:test-suite xmlns:ns2='urn:model.allure.qatools.yandex.ru' start='1604000644410' stop='1604000745490'>
    <name>Paid blocks</name>
    <title>Paid blocks</title>
    <test-cases>
        <test-case start='1604000683285' status='failed' stop='1604000723374'>
            <name>MailChimp Block</name>
            <title>MailChimp Block</title>
            <labels/>
            <parameters/>
            <steps>
                <step start='1604000683286' status='passed' stop='1604000687805'>
                    <name>Can visit the block editor and add a MailChimp block</name>
                    <title>Can visit the block editor and add a MailChimp block</title>
                    <attachments/>
                    <steps/>
                </step>
                <step start='1604000687806' status='undefined'>
                    <name>Can connect to a MailChimp</name>
                    <title>Can connect to a MailChimp</title>
                    <attachments>
                        <attachment title='Test failed: Paid blocks :: MailChimp Block' source='e6b026e8-155f-4a25-a5a9-140a36628aaf-attachment.png' type='image/png' size='30678'/>
                    </attachments>
                    <steps/>
                </step>
            </steps>
            <attachments/>
            <failure>
                <message>TimeoutError: waiting for selector ".jetpack-product-card-alt .jetpack-product-card-alt__raw-price" failed: timeout 25000ms exceeded</message>
                <stack-trace>TimeoutError: waiting for selector ".jetpack-product-card-alt .jetpack-product-card-alt__raw-price" failed: timeout 25000ms exceeded
                    at new WaitTask (/home/runner/work/jetpack/jetpack/node_modules/puppeteer/lib/DOMWorld.js:549:28)
                    at DOMWorld._waitForSelectorOrXPath (/home/runner/work/jetpack/jetpack/node_modules/puppeteer/lib/DOMWorld.js:478:22)
                    at DOMWorld.waitForSelector (/home/runner/work/jetpack/jetpack/node_modules/puppeteer/lib/DOMWorld.js:432:17)
                    at Frame.waitForSelector (/home/runner/work/jetpack/jetpack/node_modules/puppeteer/lib/FrameManager.js:627:47)
                    at Frame.&lt;anonymous> (/home/runner/work/jetpack/jetpack/node_modules/puppeteer/lib/helper.js:112:23)
                    at Page.waitForSelector (/home/runner/work/jetpack/jetpack/node_modules/puppeteer/lib/Page.js:1122:29)
                    at waitForSelector (/home/runner/work/jetpack/jetpack/tests/e2e/lib/page-helper.js:33:30)
                    at tryCatch (/home/runner/work/jetpack/jetpack/node_modules/regenerator-runtime/runtime.js:45:40)
                    at Generator.invoke [as _invoke] (/home/runner/work/jetpack/jetpack/node_modules/regenerator-runtime/runtime.js:274:22)
                    at Generator.prototype.&lt;computed> [as next] (/home/runner/work/jetpack/jetpack/node_modules/regenerator-runtime/runtime.js:97:21)
                  -- ASYNC --
                    at Frame.&lt;anonymous> (/home/runner/work/jetpack/jetpack/node_modules/puppeteer/lib/helper.js:111:15)
                    at Page.waitForSelector (/home/runner/work/jetpack/jetpack/node_modules/puppeteer/lib/Page.js:1122:29)
                    at waitForSelector (/home/runner/work/jetpack/jetpack/tests/e2e/lib/page-helper.js:33:30)
                    at tryCatch (/home/runner/work/jetpack/jetpack/node_modules/regenerator-runtime/runtime.js:45:40)
                    at Generator.invoke [as _invoke] (/home/runner/work/jetpack/jetpack/node_modules/regenerator-runtime/runtime.js:274:22)
                    at Generator.prototype.&lt;computed> [as next] (/home/runner/work/jetpack/jetpack/node_modules/regenerator-runtime/runtime.js:97:21)
                    at asyncGeneratorStep (/home/runner/work/jetpack/jetpack/node_modules/@babel/runtime/helpers/asyncToGenerator.js:3:24)
                    at _next (/home/runner/work/jetpack/jetpack/node_modules/@babel/runtime/helpers/asyncToGenerator.js:25:9)
                    at /home/runner/work/jetpack/jetpack/node_modules/@babel/runtime/helpers/asyncToGenerator.js:32:7
                    at new Promise (&lt;anonymous>)</stack-trace>
            </failure>
        </test-case>
        <test-case start='1604000723374' status='failed' stop='1604000731974'>
            <name>Pay with PayPal</name>
            <title>Pay with PayPal</title>
            <labels/>
            <parameters/>
            <steps>
                <step start='1604000723375' status='passed' stop='1604000726381'>
                    <name>Can visit the block editor and add a Pay with PayPal block</name>
                    <title>Can visit the block editor and add a Pay with PayPal block</title>
                    <attachments/>
                    <steps/>
                </step>
                <step start='1604000726381' status='passed' stop='1604000729677'>
                    <name>Can fill details of Pay with PayPal block</name>
                    <title>Can fill details of Pay with PayPal block</title>
                    <attachments/>
                    <steps/>
                </step>
                <step start='1604000729677' status='passed' stop='1604000731826'>
                    <name>Can publish a post and assert that Pay with PayPal block is rendered</name>
                    <title>Can publish a post and assert that Pay with PayPal block is rendered</title>
                    <attachments/>
                    <steps/>
                </step>
            </steps>
            <attachments/>
            <failure>
                <message>TimeoutError: waiting for selector ".jetpack-product-card-alt .jetpack-product-card-alt__raw-price" failed: timeout 25000ms exceeded</message>
                <stack-trace>TimeoutError: waiting for selector ".jetpack-product-card-alt .jetpack-product-card-alt__raw-price" failed: timeout 25000ms exceeded
                    at new WaitTask (/home/runner/work/jetpack/jetpack/node_modules/puppeteer/lib/DOMWorld.js:549:28)
                    at DOMWorld._waitForSelectorOrXPath (/home/runner/work/jetpack/jetpack/node_modules/puppeteer/lib/DOMWorld.js:478:22)
                    at DOMWorld.waitForSelector (/home/runner/work/jetpack/jetpack/node_modules/puppeteer/lib/DOMWorld.js:432:17)
                    at Frame.waitForSelector (/home/runner/work/jetpack/jetpack/node_modules/puppeteer/lib/FrameManager.js:627:47)
                    at Frame.&lt;anonymous> (/home/runner/work/jetpack/jetpack/node_modules/puppeteer/lib/helper.js:112:23)
                    at Page.waitForSelector (/home/runner/work/jetpack/jetpack/node_modules/puppeteer/lib/Page.js:1122:29)
                    at waitForSelector (/home/runner/work/jetpack/jetpack/tests/e2e/lib/page-helper.js:33:30)
                    at tryCatch (/home/runner/work/jetpack/jetpack/node_modules/regenerator-runtime/runtime.js:45:40)
                    at Generator.invoke [as _invoke] (/home/runner/work/jetpack/jetpack/node_modules/regenerator-runtime/runtime.js:274:22)
                    at Generator.prototype.&lt;computed> [as next] (/home/runner/work/jetpack/jetpack/node_modules/regenerator-runtime/runtime.js:97:21)
                  -- ASYNC --
                    at Frame.&lt;anonymous> (/home/runner/work/jetpack/jetpack/node_modules/puppeteer/lib/helper.js:111:15)
                    at Page.waitForSelector (/home/runner/work/jetpack/jetpack/node_modules/puppeteer/lib/Page.js:1122:29)
                    at waitForSelector (/home/runner/work/jetpack/jetpack/tests/e2e/lib/page-helper.js:33:30)
                    at tryCatch (/home/runner/work/jetpack/jetpack/node_modules/regenerator-runtime/runtime.js:45:40)
                    at Generator.invoke [as _invoke] (/home/runner/work/jetpack/jetpack/node_modules/regenerator-runtime/runtime.js:274:22)
                    at Generator.prototype.&lt;computed> [as next] (/home/runner/work/jetpack/jetpack/node_modules/regenerator-runtime/runtime.js:97:21)
                    at asyncGeneratorStep (/home/runner/work/jetpack/jetpack/node_modules/@babel/runtime/helpers/asyncToGenerator.js:3:24)
                    at _next (/home/runner/work/jetpack/jetpack/node_modules/@babel/runtime/helpers/asyncToGenerator.js:25:9)
                    at /home/runner/work/jetpack/jetpack/node_modules/@babel/runtime/helpers/asyncToGenerator.js:32:7
                    at new Promise (&lt;anonymous>)</stack-trace>
            </failure>
        </test-case>
        <test-case start='1604000731974' status='failed' stop='1604000736876'>
            <name>WordAds block</name>
            <title>WordAds block</title>
            <labels/>
            <parameters/>
            <steps>
                <step start='1604000731975' status='passed' stop='1604000734303'>
                    <name>Can visit the block editor and add a WordAds block</name>
                    <title>Can visit the block editor and add a WordAds block</title>
                    <attachments/>
                    <steps/>
                </step>
                <step start='1604000734303' status='passed' stop='1604000735092'>
                    <name>Can switch to Wide Skyscraper ad format</name>
                    <title>Can switch to Wide Skyscraper ad format</title>
                    <attachments/>
                    <steps/>
                </step>
                <step start='1604000735092' status='passed' stop='1604000736859'>
                    <name>Can publish a post and assert that WordAds block is rendered</name>
                    <title>Can publish a post and assert that WordAds block is rendered</title>
                    <attachments/>
                    <steps/>
                </step>
            </steps>
            <attachments/>
            <failure>
                <message>TimeoutError: waiting for selector ".jetpack-product-card-alt .jetpack-product-card-alt__raw-price" failed: timeout 25000ms exceeded</message>
                <stack-trace>TimeoutError: waiting for selector ".jetpack-product-card-alt .jetpack-product-card-alt__raw-price" failed: timeout 25000ms exceeded
                    at new WaitTask (/home/runner/work/jetpack/jetpack/node_modules/puppeteer/lib/DOMWorld.js:549:28)
                    at DOMWorld._waitForSelectorOrXPath (/home/runner/work/jetpack/jetpack/node_modules/puppeteer/lib/DOMWorld.js:478:22)
                    at DOMWorld.waitForSelector (/home/runner/work/jetpack/jetpack/node_modules/puppeteer/lib/DOMWorld.js:432:17)
                    at Frame.waitForSelector (/home/runner/work/jetpack/jetpack/node_modules/puppeteer/lib/FrameManager.js:627:47)
                    at Frame.&lt;anonymous> (/home/runner/work/jetpack/jetpack/node_modules/puppeteer/lib/helper.js:112:23)
                    at Page.waitForSelector (/home/runner/work/jetpack/jetpack/node_modules/puppeteer/lib/Page.js:1122:29)
                    at waitForSelector (/home/runner/work/jetpack/jetpack/tests/e2e/lib/page-helper.js:33:30)
                    at tryCatch (/home/runner/work/jetpack/jetpack/node_modules/regenerator-runtime/runtime.js:45:40)
                    at Generator.invoke [as _invoke] (/home/runner/work/jetpack/jetpack/node_modules/regenerator-runtime/runtime.js:274:22)
                    at Generator.prototype.&lt;computed> [as next] (/home/runner/work/jetpack/jetpack/node_modules/regenerator-runtime/runtime.js:97:21)
                  -- ASYNC --
                    at Frame.&lt;anonymous> (/home/runner/work/jetpack/jetpack/node_modules/puppeteer/lib/helper.js:111:15)
                    at Page.waitForSelector (/home/runner/work/jetpack/jetpack/node_modules/puppeteer/lib/Page.js:1122:29)
                    at waitForSelector (/home/runner/work/jetpack/jetpack/tests/e2e/lib/page-helper.js:33:30)
                    at tryCatch (/home/runner/work/jetpack/jetpack/node_modules/regenerator-runtime/runtime.js:45:40)
                    at Generator.invoke [as _invoke] (/home/runner/work/jetpack/jetpack/node_modules/regenerator-runtime/runtime.js:274:22)
                    at Generator.prototype.&lt;computed> [as next] (/home/runner/work/jetpack/jetpack/node_modules/regenerator-runtime/runtime.js:97:21)
                    at asyncGeneratorStep (/home/runner/work/jetpack/jetpack/node_modules/@babel/runtime/helpers/asyncToGenerator.js:3:24)
                    at _next (/home/runner/work/jetpack/jetpack/node_modules/@babel/runtime/helpers/asyncToGenerator.js:25:9)
                    at /home/runner/work/jetpack/jetpack/node_modules/@babel/runtime/helpers/asyncToGenerator.js:32:7
                    at new Promise (&lt;anonymous>)</stack-trace>
            </failure>
        </test-case>
    </test-cases>
</ns2:test-suite>