<?xml version='1.0'?>
<ns2:test-suite xmlns:ns2='urn:model.allure.qatools.yandex.ru' start='1610622558434' stop='1610622577000'>
    <name>Paid blocks</name>
    <title>Paid blocks</title>
    <test-cases>
        <test-case start='1610622562222' status='failed' stop='1610622565992'>
            <name>MailChimp Block</name>
            <title>MailChimp Block</title>
            <labels/>
            <parameters/>
            <steps>
                <step start='1610622562223' status='undefined'>
                    <name>Can visit the block editor and add a MailChimp block</name>
                    <title>Can visit the block editor and add a MailChimp block</title>
                    <attachments>
                        <attachment title='Test failed: Paid blocks :: MailChimp Block' source='6518fa1a-51ec-476d-bbeb-483e9ceb43ea-attachment.png' type='image/png' size='4214'/>
                    </attachments>
                    <steps/>
                </step>
            </steps>
            <attachments/>
            <failure>
                <message>Error: Timeout - Async callback was not invoked within the 300000 ms timeout specified by jest.setTimeout.</message>
                <stack-trace>Timeout - Async callback was not invoked within the 300000 ms timeout specified by jest.setTimeout.Error: Timeout - Async callback was not invoked within the 300000 ms timeout specified by jest.setTimeout.
                    at mapper (/home/runner/work/jetpack/jetpack/node_modules/jest-config/node_modules/jest-jasmine2/build/queueRunner.js:27:45)
                    at /home/runner/work/jetpack/jetpack/node_modules/jest-config/node_modules/jest-jasmine2/build/queueRunner.js:75:41
                    at processTicksAndRejections (internal/process/task_queues.js:97:5)</stack-trace>
            </failure>
        </test-case>
        <test-case start='1610622565992' status='failed' stop='1610622569738'>
            <name>Pay with PayPal</name>
            <title>Pay with PayPal</title>
            <labels/>
            <parameters/>
            <steps>
                <step start='1610622565993' status='undefined'>
                    <name>Can visit the block editor and add a Pay with PayPal block</name>
                    <title>Can visit the block editor and add a Pay with PayPal block</title>
                    <attachments>
                        <attachment title='Test failed: Paid blocks :: Pay with PayPal' source='b51e6bf4-2eae-4543-b131-cbcb3583ad2e-attachment.png' type='image/png' size='4214'/>
                    </attachments>
                    <steps/>
                </step>
            </steps>
            <attachments/>
            <failure>
                <message>Error: Timeout - Async callback was not invoked within the 300000 ms timeout specified by jest.setTimeout.</message>
                <stack-trace>Timeout - Async callback was not invoked within the 300000 ms timeout specified by jest.setTimeout.Error: Timeout - Async callback was not invoked within the 300000 ms timeout specified by jest.setTimeout.
                    at mapper (/home/runner/work/jetpack/jetpack/node_modules/jest-config/node_modules/jest-jasmine2/build/queueRunner.js:27:45)
                    at /home/runner/work/jetpack/jetpack/node_modules/jest-config/node_modules/jest-jasmine2/build/queueRunner.js:75:41
                    at processTicksAndRejections (internal/process/task_queues.js:97:5)</stack-trace>
            </failure>
        </test-case>
        <test-case start='1610622569738' status='failed' stop='1610622573573'>
            <name>WordAds block</name>
            <title>WordAds block</title>
            <labels/>
            <parameters/>
            <steps>
                <step start='1610622569739' status='undefined'>
                    <name>Can visit the block editor and add a WordAds block</name>
                    <title>Can visit the block editor and add a WordAds block</title>
                    <attachments>
                        <attachment title='Test failed: Paid blocks :: WordAds block' source='5f0ee5f8-e412-4f63-8d6e-58fea781580a-attachment.png' type='image/png' size='4214'/>
                    </attachments>
                    <steps/>
                </step>
            </steps>
            <attachments/>
            <failure>
                <message>Error: Timeout - Async callback was not invoked within the 300000 ms timeout specified by jest.setTimeout.</message>
                <stack-trace>Timeout - Async callback was not invoked within the 300000 ms timeout specified by jest.setTimeout.Error: Timeout - Async callback was not invoked within the 300000 ms timeout specified by jest.setTimeout.
                    at mapper (/home/runner/work/jetpack/jetpack/node_modules/jest-config/node_modules/jest-jasmine2/build/queueRunner.js:27:45)
                    at /home/runner/work/jetpack/jetpack/node_modules/jest-config/node_modules/jest-jasmine2/build/queueRunner.js:75:41
                    at processTicksAndRejections (internal/process/task_queues.js:97:5)</stack-trace>
            </failure>
        </test-case>
    </test-cases>
</ns2:test-suite>