<?xml version='1.0'?>
<ns2:test-suite xmlns:ns2='urn:model.allure.qatools.yandex.ru' start='1606239685920' stop='1606239784398'>
    <name>Jetpack pre-connection</name>
    <title>Jetpack pre-connection</title>
    <test-cases>
        <test-case start='1606239690725' status='failed' stop='1606239720653'>
            <name>Can find connect button on plugins page</name>
            <title>Can find connect button on plugins page</title>
            <labels/>
            <parameters/>
            <steps/>
            <attachments>
                <attachment title='Test failed: Jetpack pre-connection :: Can find connect button on plugins page' source='7de7ebff-1572-4dd4-b10e-fab617e01705-attachment.png' type='image/png' size='13156'/>
            </attachments>
            <failure>
                <message>TimeoutError: waiting for selector "#adminmenumain" failed: timeout 25000ms exceeded</message>
                <stack-trace>TimeoutError: waiting for selector "#adminmenumain" failed: timeout 25000ms exceeded
                    at new WaitTask (/home/runner/work/jetpack/jetpack/node_modules/puppeteer/lib/DOMWorld.js:549:28)
                    at DOMWorld._waitForSelectorOrXPath (/home/runner/work/jetpack/jetpack/node_modules/puppeteer/lib/DOMWorld.js:478:22)
                    at DOMWorld.waitForSelector (/home/runner/work/jetpack/jetpack/node_modules/puppeteer/lib/DOMWorld.js:432:17)
                    at Frame.waitForSelector (/home/runner/work/jetpack/jetpack/node_modules/puppeteer/lib/FrameManager.js:627:47)
                    at Frame.&lt;anonymous> (/home/runner/work/jetpack/jetpack/node_modules/puppeteer/lib/helper.js:112:23)
                    at Page.waitForSelector (/home/runner/work/jetpack/jetpack/node_modules/puppeteer/lib/Page.js:1122:29)
                    at waitForSelector (/home/runner/work/jetpack/jetpack/tests/e2e/lib/page-helper.js:32:30)
                    at tryCatch (/home/runner/work/jetpack/jetpack/node_modules/regenerator-runtime/runtime.js:45:40)
                    at Generator.invoke [as _invoke] (/home/runner/work/jetpack/jetpack/node_modules/regenerator-runtime/runtime.js:274:22)
                    at Generator.prototype.&lt;computed> [as next] (/home/runner/work/jetpack/jetpack/node_modules/regenerator-runtime/runtime.js:97:21)
                  -- ASYNC --
                    at Frame.&lt;anonymous> (/home/runner/work/jetpack/jetpack/node_modules/puppeteer/lib/helper.js:111:15)
                    at Page.waitForSelector (/home/runner/work/jetpack/jetpack/node_modules/puppeteer/lib/Page.js:1122:29)
                    at waitForSelector (/home/runner/work/jetpack/jetpack/tests/e2e/lib/page-helper.js:32:30)
                    at tryCatch (/home/runner/work/jetpack/jetpack/node_modules/regenerator-runtime/runtime.js:45:40)
                    at Generator.invoke [as _invoke] (/home/runner/work/jetpack/jetpack/node_modules/regenerator-runtime/runtime.js:274:22)
                    at Generator.prototype.&lt;computed> [as next] (/home/runner/work/jetpack/jetpack/node_modules/regenerator-runtime/runtime.js:97:21)
                    at asyncGeneratorStep (/home/runner/work/jetpack/jetpack/node_modules/@babel/runtime/helpers/asyncToGenerator.js:3:24)
                    at _next (/home/runner/work/jetpack/jetpack/node_modules/@babel/runtime/helpers/asyncToGenerator.js:25:9)
                    at /home/runner/work/jetpack/jetpack/node_modules/@babel/runtime/helpers/asyncToGenerator.js:32:7
                    at new Promise (&lt;anonymous>)</stack-trace>
            </failure>
        </test-case>
        <test-case start='1606239720653' status='failed' stop='1606239750679'>
            <name>Can find connect button on dashboard page</name>
            <title>Can find connect button on dashboard page</title>
            <labels/>
            <parameters/>
            <steps/>
            <attachments>
                <attachment title='Test failed: Jetpack pre-connection :: Can find connect button on dashboard page' source='8947e3c7-5821-4934-afb9-50e2a329ab12-attachment.png' type='image/png' size='13156'/>
            </attachments>
            <failure>
                <message>TimeoutError: waiting for selector "#adminmenumain" failed: timeout 25000ms exceeded</message>
                <stack-trace>TimeoutError: waiting for selector "#adminmenumain" failed: timeout 25000ms exceeded
                    at new WaitTask (/home/runner/work/jetpack/jetpack/node_modules/puppeteer/lib/DOMWorld.js:549:28)
                    at DOMWorld._waitForSelectorOrXPath (/home/runner/work/jetpack/jetpack/node_modules/puppeteer/lib/DOMWorld.js:478:22)
                    at DOMWorld.waitForSelector (/home/runner/work/jetpack/jetpack/node_modules/puppeteer/lib/DOMWorld.js:432:17)
                    at Frame.waitForSelector (/home/runner/work/jetpack/jetpack/node_modules/puppeteer/lib/FrameManager.js:627:47)
                    at Frame.&lt;anonymous> (/home/runner/work/jetpack/jetpack/node_modules/puppeteer/lib/helper.js:112:23)
                    at Page.waitForSelector (/home/runner/work/jetpack/jetpack/node_modules/puppeteer/lib/Page.js:1122:29)
                    at waitForSelector (/home/runner/work/jetpack/jetpack/tests/e2e/lib/page-helper.js:32:30)
                    at tryCatch (/home/runner/work/jetpack/jetpack/node_modules/regenerator-runtime/runtime.js:45:40)
                    at Generator.invoke [as _invoke] (/home/runner/work/jetpack/jetpack/node_modules/regenerator-runtime/runtime.js:274:22)
                    at Generator.prototype.&lt;computed> [as next] (/home/runner/work/jetpack/jetpack/node_modules/regenerator-runtime/runtime.js:97:21)
                  -- ASYNC --
                    at Frame.&lt;anonymous> (/home/runner/work/jetpack/jetpack/node_modules/puppeteer/lib/helper.js:111:15)
                    at Page.waitForSelector (/home/runner/work/jetpack/jetpack/node_modules/puppeteer/lib/Page.js:1122:29)
                    at waitForSelector (/home/runner/work/jetpack/jetpack/tests/e2e/lib/page-helper.js:32:30)
                    at tryCatch (/home/runner/work/jetpack/jetpack/node_modules/regenerator-runtime/runtime.js:45:40)
                    at Generator.invoke [as _invoke] (/home/runner/work/jetpack/jetpack/node_modules/regenerator-runtime/runtime.js:274:22)
                    at Generator.prototype.&lt;computed> [as next] (/home/runner/work/jetpack/jetpack/node_modules/regenerator-runtime/runtime.js:97:21)
                    at asyncGeneratorStep (/home/runner/work/jetpack/jetpack/node_modules/@babel/runtime/helpers/asyncToGenerator.js:3:24)
                    at _next (/home/runner/work/jetpack/jetpack/node_modules/@babel/runtime/helpers/asyncToGenerator.js:25:9)
                    at /home/runner/work/jetpack/jetpack/node_modules/@babel/runtime/helpers/asyncToGenerator.js:32:7
                    at new Promise (&lt;anonymous>)</stack-trace>
            </failure>
        </test-case>
        <test-case start='1606239750679' status='failed' stop='1606239780630'>
            <name>Can find connect button on Jetpack page</name>
            <title>Can find connect button on Jetpack page</title>
            <labels/>
            <parameters/>
            <steps/>
            <attachments>
                <attachment title='Test failed: Jetpack pre-connection :: Can find connect button on Jetpack page' source='916bc91b-3679-4fd6-88aa-1fb7042e0d28-attachment.png' type='image/png' size='13156'/>
            </attachments>
            <failure>
                <message>TimeoutError: waiting for selector "#adminmenumain" failed: timeout 25000ms exceeded</message>
                <stack-trace>TimeoutError: waiting for selector "#adminmenumain" failed: timeout 25000ms exceeded
                    at new WaitTask (/home/runner/work/jetpack/jetpack/node_modules/puppeteer/lib/DOMWorld.js:549:28)
                    at DOMWorld._waitForSelectorOrXPath (/home/runner/work/jetpack/jetpack/node_modules/puppeteer/lib/DOMWorld.js:478:22)
                    at DOMWorld.waitForSelector (/home/runner/work/jetpack/jetpack/node_modules/puppeteer/lib/DOMWorld.js:432:17)
                    at Frame.waitForSelector (/home/runner/work/jetpack/jetpack/node_modules/puppeteer/lib/FrameManager.js:627:47)
                    at Frame.&lt;anonymous> (/home/runner/work/jetpack/jetpack/node_modules/puppeteer/lib/helper.js:112:23)
                    at Page.waitForSelector (/home/runner/work/jetpack/jetpack/node_modules/puppeteer/lib/Page.js:1122:29)
                    at waitForSelector (/home/runner/work/jetpack/jetpack/tests/e2e/lib/page-helper.js:32:30)
                    at tryCatch (/home/runner/work/jetpack/jetpack/node_modules/regenerator-runtime/runtime.js:45:40)
                    at Generator.invoke [as _invoke] (/home/runner/work/jetpack/jetpack/node_modules/regenerator-runtime/runtime.js:274:22)
                    at Generator.prototype.&lt;computed> [as next] (/home/runner/work/jetpack/jetpack/node_modules/regenerator-runtime/runtime.js:97:21)
                  -- ASYNC --
                    at Frame.&lt;anonymous> (/home/runner/work/jetpack/jetpack/node_modules/puppeteer/lib/helper.js:111:15)
                    at Page.waitForSelector (/home/runner/work/jetpack/jetpack/node_modules/puppeteer/lib/Page.js:1122:29)
                    at waitForSelector (/home/runner/work/jetpack/jetpack/tests/e2e/lib/page-helper.js:32:30)
                    at tryCatch (/home/runner/work/jetpack/jetpack/node_modules/regenerator-runtime/runtime.js:45:40)
                    at Generator.invoke [as _invoke] (/home/runner/work/jetpack/jetpack/node_modules/regenerator-runtime/runtime.js:274:22)
                    at Generator.prototype.&lt;computed> [as next] (/home/runner/work/jetpack/jetpack/node_modules/regenerator-runtime/runtime.js:97:21)
                    at asyncGeneratorStep (/home/runner/work/jetpack/jetpack/node_modules/@babel/runtime/helpers/asyncToGenerator.js:3:24)
                    at _next (/home/runner/work/jetpack/jetpack/node_modules/@babel/runtime/helpers/asyncToGenerator.js:25:9)
                    at /home/runner/work/jetpack/jetpack/node_modules/@babel/runtime/helpers/asyncToGenerator.js:32:7
                    at new Promise (&lt;anonymous>)</stack-trace>
            </failure>
        </test-case>
    </test-cases>
</ns2:test-suite>