<?xml version='1.0'?>
<ns2:test-suite xmlns:ns2='urn:model.allure.qatools.yandex.ru' start='1607441811200' stop='1607441960442'>
    <name>Paid blocks</name>
    <title>Paid blocks</title>
    <test-cases>
        <test-case start='1607441844812' status='failed' stop='1607441886503'>
            <name>MailChimp Block</name>
            <title>MailChimp Block</title>
            <labels/>
            <parameters/>
            <steps>
                <step start='1607441844814' status='passed' stop='1607441851429'>
                    <name>Can visit the block editor and add a MailChimp block</name>
                    <title>Can visit the block editor and add a MailChimp block</title>
                    <attachments/>
                    <steps/>
                </step>
                <step start='1607441851429' status='passed' stop='1607441856372'>
                    <name>Can connect to a MailChimp</name>
                    <title>Can connect to a MailChimp</title>
                    <attachments/>
                    <steps/>
                </step>
                <step start='1607441856372' status='undefined'>
                    <name>Can publish a post and assert that MailChimp block is rendered</name>
                    <title>Can publish a post and assert that MailChimp block is rendered</title>
                    <attachments>
                        <attachment title='Test failed: Paid blocks :: MailChimp Block' source='e2be245a-d486-485c-b20e-d4aae221280f-attachment.png' type='image/png' size='4214'/>
                    </attachments>
                    <steps/>
                </step>
            </steps>
            <attachments/>
            <failure>
                <message>TimeoutError: waiting for selector `.post` failed: timeout 25000ms exceeded</message>
                <stack-trace>TimeoutError: waiting for selector `.post` failed: timeout 25000ms exceeded
                    at new WaitTask (/home/runner/work/jetpack/jetpack/node_modules/puppeteer/lib/cjs/puppeteer/common/DOMWorld.js:505:34)
                    at DOMWorld.waitForSelectorInPage (/home/runner/work/jetpack/jetpack/node_modules/puppeteer/lib/cjs/puppeteer/common/DOMWorld.js:416:26)
                    at Object.internalHandler.waitFor (/home/runner/work/jetpack/jetpack/node_modules/puppeteer/lib/cjs/puppeteer/common/QueryHandler.js:31:77)
                    at DOMWorld.waitForSelector (/home/runner/work/jetpack/jetpack/node_modules/puppeteer/lib/cjs/puppeteer/common/DOMWorld.js:312:29)
                    at Frame.waitForSelector (/home/runner/work/jetpack/jetpack/node_modules/puppeteer/lib/cjs/puppeteer/common/FrameManager.js:842:51)
                    at Page.waitForSelector (/home/runner/work/jetpack/jetpack/node_modules/puppeteer/lib/cjs/puppeteer/common/Page.js:1285:33)
                    at waitForSelector (/home/runner/work/jetpack/jetpack/tests/e2e/lib/page-helper.js:32:30)
                    at tryCatch (/home/runner/work/jetpack/jetpack/node_modules/regenerator-runtime/runtime.js:45:40)
                    at Generator.invoke [as _invoke] (/home/runner/work/jetpack/jetpack/node_modules/regenerator-runtime/runtime.js:274:22)
                    at Generator.prototype.&lt;computed> [as next] (/home/runner/work/jetpack/jetpack/node_modules/regenerator-runtime/runtime.js:97:21)</stack-trace>
            </failure>
        </test-case>
        <test-case start='1607441886504' status='failed' stop='1607441922714'>
            <name>Pay with PayPal</name>
            <title>Pay with PayPal</title>
            <labels/>
            <parameters/>
            <steps>
                <step start='1607441886504' status='passed' stop='1607441889574'>
                    <name>Can visit the block editor and add a Pay with PayPal block</name>
                    <title>Can visit the block editor and add a Pay with PayPal block</title>
                    <attachments/>
                    <steps/>
                </step>
                <step start='1607441889574' status='passed' stop='1607441892751'>
                    <name>Can fill details of Pay with PayPal block</name>
                    <title>Can fill details of Pay with PayPal block</title>
                    <attachments/>
                    <steps/>
                </step>
                <step start='1607441892751' status='undefined'>
                    <name>Can publish a post and assert that Pay with PayPal block is rendered</name>
                    <title>Can publish a post and assert that Pay with PayPal block is rendered</title>
                    <attachments>
                        <attachment title='Test failed: Paid blocks :: Pay with PayPal' source='871cd238-60db-4fa9-abf3-c76103fafaea-attachment.png' type='image/png' size='4214'/>
                    </attachments>
                    <steps/>
                </step>
            </steps>
            <attachments/>
            <failure>
                <message>TimeoutError: waiting for selector `.post` failed: timeout 25000ms exceeded</message>
                <stack-trace>TimeoutError: waiting for selector `.post` failed: timeout 25000ms exceeded
                    at new WaitTask (/home/runner/work/jetpack/jetpack/node_modules/puppeteer/lib/cjs/puppeteer/common/DOMWorld.js:505:34)
                    at DOMWorld.waitForSelectorInPage (/home/runner/work/jetpack/jetpack/node_modules/puppeteer/lib/cjs/puppeteer/common/DOMWorld.js:416:26)
                    at Object.internalHandler.waitFor (/home/runner/work/jetpack/jetpack/node_modules/puppeteer/lib/cjs/puppeteer/common/QueryHandler.js:31:77)
                    at DOMWorld.waitForSelector (/home/runner/work/jetpack/jetpack/node_modules/puppeteer/lib/cjs/puppeteer/common/DOMWorld.js:312:29)
                    at Frame.waitForSelector (/home/runner/work/jetpack/jetpack/node_modules/puppeteer/lib/cjs/puppeteer/common/FrameManager.js:842:51)
                    at Page.waitForSelector (/home/runner/work/jetpack/jetpack/node_modules/puppeteer/lib/cjs/puppeteer/common/Page.js:1285:33)
                    at waitForSelector (/home/runner/work/jetpack/jetpack/tests/e2e/lib/page-helper.js:32:30)
                    at tryCatch (/home/runner/work/jetpack/jetpack/node_modules/regenerator-runtime/runtime.js:45:40)
                    at Generator.invoke [as _invoke] (/home/runner/work/jetpack/jetpack/node_modules/regenerator-runtime/runtime.js:274:22)
                    at Generator.prototype.&lt;computed> [as next] (/home/runner/work/jetpack/jetpack/node_modules/regenerator-runtime/runtime.js:97:21)</stack-trace>
            </failure>
        </test-case>
        <test-case start='1607441922714' status='failed' stop='1607441957180'>
            <name>WordAds block</name>
            <title>WordAds block</title>
            <labels/>
            <parameters/>
            <steps>
                <step start='1607441922715' status='passed' stop='1607441925230'>
                    <name>Can visit the block editor and add a WordAds block</name>
                    <title>Can visit the block editor and add a WordAds block</title>
                    <attachments/>
                    <steps/>
                </step>
                <step start='1607441925230' status='passed' stop='1607441925958'>
                    <name>Can switch to Wide Skyscraper ad format</name>
                    <title>Can switch to Wide Skyscraper ad format</title>
                    <attachments/>
                    <steps/>
                </step>
                <step start='1607441925958' status='undefined'>
                    <name>Can publish a post and assert that WordAds block is rendered</name>
                    <title>Can publish a post and assert that WordAds block is rendered</title>
                    <attachments>
                        <attachment title='Test failed: Paid blocks :: WordAds block' source='308602f0-ffc3-4df5-a094-1cc436ceef4a-attachment.png' type='image/png' size='4214'/>
                    </attachments>
                    <steps/>
                </step>
            </steps>
            <attachments/>
            <failure>
                <message>TimeoutError: waiting for selector `.post` failed: timeout 25000ms exceeded</message>
                <stack-trace>TimeoutError: waiting for selector `.post` failed: timeout 25000ms exceeded
                    at new WaitTask (/home/runner/work/jetpack/jetpack/node_modules/puppeteer/lib/cjs/puppeteer/common/DOMWorld.js:505:34)
                    at DOMWorld.waitForSelectorInPage (/home/runner/work/jetpack/jetpack/node_modules/puppeteer/lib/cjs/puppeteer/common/DOMWorld.js:416:26)
                    at Object.internalHandler.waitFor (/home/runner/work/jetpack/jetpack/node_modules/puppeteer/lib/cjs/puppeteer/common/QueryHandler.js:31:77)
                    at DOMWorld.waitForSelector (/home/runner/work/jetpack/jetpack/node_modules/puppeteer/lib/cjs/puppeteer/common/DOMWorld.js:312:29)
                    at Frame.waitForSelector (/home/runner/work/jetpack/jetpack/node_modules/puppeteer/lib/cjs/puppeteer/common/FrameManager.js:842:51)
                    at Page.waitForSelector (/home/runner/work/jetpack/jetpack/node_modules/puppeteer/lib/cjs/puppeteer/common/Page.js:1285:33)
                    at waitForSelector (/home/runner/work/jetpack/jetpack/tests/e2e/lib/page-helper.js:32:30)
                    at tryCatch (/home/runner/work/jetpack/jetpack/node_modules/regenerator-runtime/runtime.js:45:40)
                    at Generator.invoke [as _invoke] (/home/runner/work/jetpack/jetpack/node_modules/regenerator-runtime/runtime.js:274:22)
                    at Generator.prototype.&lt;computed> [as next] (/home/runner/work/jetpack/jetpack/node_modules/regenerator-runtime/runtime.js:97:21)</stack-trace>
            </failure>
        </test-case>
    </test-cases>
</ns2:test-suite>