<?xml version='1.0'?>
<ns2:test-suite xmlns:ns2='urn:model.allure.qatools.yandex.ru' start='1608586726116' stop='1608586788217'>
    <name>Free blocks</name>
    <title>Free blocks</title>
    <test-cases>
        <test-case start='1608586772330' status='failed' stop='1608586779884'>
            <name>Pinterest block</name>
            <title>Pinterest block</title>
            <labels/>
            <parameters/>
            <steps>
                <step start='1608586772331' status='passed' stop='1608586776898'>
                    <name>Can visit the block editor and add a Pinterest block</name>
                    <title>Can visit the block editor and add a Pinterest block</title>
                    <attachments/>
                    <steps/>
                </step>
                <step start='1608586776898' status='passed' stop='1608586779301'>
                    <name>Can publish a post with a Pinterest block</name>
                    <title>Can publish a post with a Pinterest block</title>
                    <attachments/>
                    <steps/>
                </step>
                <step start='1608586779301' status='passed' stop='1608586779870'>
                    <name>Can assert that Pinterest block is rendered</name>
                    <title>Can assert that Pinterest block is rendered</title>
                    <attachments/>
                    <steps/>
                </step>
            </steps>
            <attachments/>
            <failure>
                <message>Error: Site does not have free plan</message>
                <stack-trace>Error: Site does not have free plan
                    at _callee4$ (/home/runner/work/jetpack/jetpack/tests/e2e/lib/flows/jetpack-connect.js:109:9)
                    at tryCatch (/home/runner/work/jetpack/jetpack/node_modules/regenerator-runtime/runtime.js:45:40)
                    at Generator.invoke [as _invoke] (/home/runner/work/jetpack/jetpack/node_modules/regenerator-runtime/runtime.js:274:22)
                    at Generator.prototype.&lt;computed> [as next] (/home/runner/work/jetpack/jetpack/node_modules/regenerator-runtime/runtime.js:97:21)
                    at asyncGeneratorStep (/home/runner/work/jetpack/jetpack/node_modules/@babel/runtime/helpers/asyncToGenerator.js:3:24)
                    at _next (/home/runner/work/jetpack/jetpack/node_modules/@babel/runtime/helpers/asyncToGenerator.js:25:9)</stack-trace>
            </failure>
        </test-case>
        <test-case start='1608586779884' status='failed' stop='1608586788216'>
            <name>Eventbrite block</name>
            <title>Eventbrite block</title>
            <labels/>
            <parameters/>
            <steps>
                <step start='1608586779885' status='passed' stop='1608586784724'>
                    <name>Can visit the block editor and add a Eventbrite block</name>
                    <title>Can visit the block editor and add a Eventbrite block</title>
                    <attachments/>
                    <steps/>
                </step>
                <step start='1608586784724' status='passed' stop='1608586787879'>
                    <name>Can publish a post with a Eventbrite block</name>
                    <title>Can publish a post with a Eventbrite block</title>
                    <attachments/>
                    <steps/>
                </step>
                <step start='1608586787879' status='passed' stop='1608586788175'>
                    <name>Can assert that Eventbrite block is rendered</name>
                    <title>Can assert that Eventbrite block is rendered</title>
                    <attachments/>
                    <steps/>
                </step>
            </steps>
            <attachments/>
            <failure>
                <message>Error: Site does not have free plan</message>
                <stack-trace>Error: Site does not have free plan
                    at _callee4$ (/home/runner/work/jetpack/jetpack/tests/e2e/lib/flows/jetpack-connect.js:109:9)
                    at tryCatch (/home/runner/work/jetpack/jetpack/node_modules/regenerator-runtime/runtime.js:45:40)
                    at Generator.invoke [as _invoke] (/home/runner/work/jetpack/jetpack/node_modules/regenerator-runtime/runtime.js:274:22)
                    at Generator.prototype.&lt;computed> [as next] (/home/runner/work/jetpack/jetpack/node_modules/regenerator-runtime/runtime.js:97:21)
                    at asyncGeneratorStep (/home/runner/work/jetpack/jetpack/node_modules/@babel/runtime/helpers/asyncToGenerator.js:3:24)
                    at _next (/home/runner/work/jetpack/jetpack/node_modules/@babel/runtime/helpers/asyncToGenerator.js:25:9)</stack-trace>
            </failure>
        </test-case>
    </test-cases>
</ns2:test-suite>