<?xml version='1.0'?>
<ns2:test-suite xmlns:ns2='urn:model.allure.qatools.yandex.ru' start='1605938403511' stop='1605938504267'>
    <name>Paid blocks</name>
    <title>Paid blocks</title>
    <test-cases>
        <test-case start='1605938410799' status='failed' stop='1605938440408'>
            <name>MailChimp Block</name>
            <title>MailChimp Block</title>
            <labels/>
            <parameters/>
            <steps>
                <step start='1605938410800' status='undefined'>
                    <name>Can visit the block editor and add a MailChimp block</name>
                    <title>Can visit the block editor and add a MailChimp block</title>
                    <attachments>
                        <attachment title='Test failed: Paid blocks :: MailChimp Block' source='7673d4dc-a3e9-45bb-b4d7-9c53915f07b1-attachment.png' type='image/png' size='22663'/>
                    </attachments>
                    <steps/>
                </step>
            </steps>
            <attachments/>
            <failure>
                <message>TimeoutError: Navigation timeout of 30000 ms exceeded</message>
                <stack-trace>TimeoutError: Navigation timeout of 30000 ms exceeded
                    at /home/runner/work/jetpack/jetpack/node_modules/puppeteer/lib/LifecycleWatcher.js:142:21
                  -- ASYNC --
                    at Frame.&lt;anonymous> (/home/runner/work/jetpack/jetpack/node_modules/puppeteer/lib/helper.js:111:15)
                    at Page.goto (/home/runner/work/jetpack/jetpack/node_modules/puppeteer/lib/Page.js:672:49)
                    at Page.&lt;anonymous> (/home/runner/work/jetpack/jetpack/node_modules/puppeteer/lib/helper.js:112:23)
                    at Function.goto (/home/runner/work/jetpack/jetpack/tests/e2e/lib/pages/page.js:44:14)
                    at tryCatch (/home/runner/work/jetpack/jetpack/node_modules/regenerator-runtime/runtime.js:45:40)
                    at Generator.invoke [as _invoke] (/home/runner/work/jetpack/jetpack/node_modules/regenerator-runtime/runtime.js:274:22)
                    at Generator.prototype.&lt;computed> [as next] (/home/runner/work/jetpack/jetpack/node_modules/regenerator-runtime/runtime.js:97:21)
                    at asyncGeneratorStep (/home/runner/work/jetpack/jetpack/node_modules/@babel/runtime/helpers/asyncToGenerator.js:3:24)
                    at _next (/home/runner/work/jetpack/jetpack/node_modules/@babel/runtime/helpers/asyncToGenerator.js:25:9)
                    at /home/runner/work/jetpack/jetpack/node_modules/@babel/runtime/helpers/asyncToGenerator.js:32:7
                  -- ASYNC --
                    at Page.&lt;anonymous> (/home/runner/work/jetpack/jetpack/node_modules/puppeteer/lib/helper.js:111:15)
                    at Function.goto (/home/runner/work/jetpack/jetpack/tests/e2e/lib/pages/page.js:44:14)
                    at tryCatch (/home/runner/work/jetpack/jetpack/node_modules/regenerator-runtime/runtime.js:45:40)
                    at Generator.invoke [as _invoke] (/home/runner/work/jetpack/jetpack/node_modules/regenerator-runtime/runtime.js:274:22)
                    at Generator.prototype.&lt;computed> [as next] (/home/runner/work/jetpack/jetpack/node_modules/regenerator-runtime/runtime.js:97:21)
                    at asyncGeneratorStep (/home/runner/work/jetpack/jetpack/node_modules/@babel/runtime/helpers/asyncToGenerator.js:3:24)
                    at _next (/home/runner/work/jetpack/jetpack/node_modules/@babel/runtime/helpers/asyncToGenerator.js:25:9)
                    at /home/runner/work/jetpack/jetpack/node_modules/@babel/runtime/helpers/asyncToGenerator.js:32:7
                    at new Promise (&lt;anonymous>)
                    at Function.&lt;anonymous> (/home/runner/work/jetpack/jetpack/node_modules/@babel/runtime/helpers/asyncToGenerator.js:21:12)</stack-trace>
            </failure>
        </test-case>
        <test-case start='1605938440408' status='failed' stop='1605938469993'>
            <name>Pay with PayPal</name>
            <title>Pay with PayPal</title>
            <labels/>
            <parameters/>
            <steps>
                <step start='1605938440409' status='undefined'>
                    <name>Can visit the block editor and add a Pay with PayPal block</name>
                    <title>Can visit the block editor and add a Pay with PayPal block</title>
                    <attachments>
                        <attachment title='Test failed: Paid blocks :: Pay with PayPal' source='69ed5afe-c21a-4166-972e-a26b57f65312-attachment.png' type='image/png' size='22663'/>
                    </attachments>
                    <steps/>
                </step>
            </steps>
            <attachments/>
            <failure>
                <message>TimeoutError: Navigation timeout of 30000 ms exceeded</message>
                <stack-trace>TimeoutError: Navigation timeout of 30000 ms exceeded
                    at /home/runner/work/jetpack/jetpack/node_modules/puppeteer/lib/LifecycleWatcher.js:142:21
                  -- ASYNC --
                    at Frame.&lt;anonymous> (/home/runner/work/jetpack/jetpack/node_modules/puppeteer/lib/helper.js:111:15)
                    at Page.goto (/home/runner/work/jetpack/jetpack/node_modules/puppeteer/lib/Page.js:672:49)
                    at Page.&lt;anonymous> (/home/runner/work/jetpack/jetpack/node_modules/puppeteer/lib/helper.js:112:23)
                    at Function.goto (/home/runner/work/jetpack/jetpack/tests/e2e/lib/pages/page.js:44:14)
                    at tryCatch (/home/runner/work/jetpack/jetpack/node_modules/regenerator-runtime/runtime.js:45:40)
                    at Generator.invoke [as _invoke] (/home/runner/work/jetpack/jetpack/node_modules/regenerator-runtime/runtime.js:274:22)
                    at Generator.prototype.&lt;computed> [as next] (/home/runner/work/jetpack/jetpack/node_modules/regenerator-runtime/runtime.js:97:21)
                    at asyncGeneratorStep (/home/runner/work/jetpack/jetpack/node_modules/@babel/runtime/helpers/asyncToGenerator.js:3:24)
                    at _next (/home/runner/work/jetpack/jetpack/node_modules/@babel/runtime/helpers/asyncToGenerator.js:25:9)
                    at /home/runner/work/jetpack/jetpack/node_modules/@babel/runtime/helpers/asyncToGenerator.js:32:7
                  -- ASYNC --
                    at Page.&lt;anonymous> (/home/runner/work/jetpack/jetpack/node_modules/puppeteer/lib/helper.js:111:15)
                    at Function.goto (/home/runner/work/jetpack/jetpack/tests/e2e/lib/pages/page.js:44:14)
                    at tryCatch (/home/runner/work/jetpack/jetpack/node_modules/regenerator-runtime/runtime.js:45:40)
                    at Generator.invoke [as _invoke] (/home/runner/work/jetpack/jetpack/node_modules/regenerator-runtime/runtime.js:274:22)
                    at Generator.prototype.&lt;computed> [as next] (/home/runner/work/jetpack/jetpack/node_modules/regenerator-runtime/runtime.js:97:21)
                    at asyncGeneratorStep (/home/runner/work/jetpack/jetpack/node_modules/@babel/runtime/helpers/asyncToGenerator.js:3:24)
                    at _next (/home/runner/work/jetpack/jetpack/node_modules/@babel/runtime/helpers/asyncToGenerator.js:25:9)
                    at /home/runner/work/jetpack/jetpack/node_modules/@babel/runtime/helpers/asyncToGenerator.js:32:7
                    at new Promise (&lt;anonymous>)
                    at Function.&lt;anonymous> (/home/runner/work/jetpack/jetpack/node_modules/@babel/runtime/helpers/asyncToGenerator.js:21:12)</stack-trace>
            </failure>
        </test-case>
        <test-case start='1605938469993' status='failed' stop='1605938500613'>
            <name>WordAds block</name>
            <title>WordAds block</title>
            <labels/>
            <parameters/>
            <steps>
                <step start='1605938469993' status='undefined'>
                    <name>Can visit the block editor and add a WordAds block</name>
                    <title>Can visit the block editor and add a WordAds block</title>
                    <attachments>
                        <attachment title='Test failed: Paid blocks :: WordAds block' source='ea6b09f6-7071-45d5-9da5-01429bf31f62-attachment.png' type='image/png' size='22663'/>
                    </attachments>
                    <steps/>
                </step>
            </steps>
            <attachments/>
            <failure>
                <message>TimeoutError: Navigation timeout of 30000 ms exceeded</message>
                <stack-trace>TimeoutError: Navigation timeout of 30000 ms exceeded
                    at /home/runner/work/jetpack/jetpack/node_modules/puppeteer/lib/LifecycleWatcher.js:142:21
                  -- ASYNC --
                    at Frame.&lt;anonymous> (/home/runner/work/jetpack/jetpack/node_modules/puppeteer/lib/helper.js:111:15)
                    at Page.goto (/home/runner/work/jetpack/jetpack/node_modules/puppeteer/lib/Page.js:672:49)
                    at Page.&lt;anonymous> (/home/runner/work/jetpack/jetpack/node_modules/puppeteer/lib/helper.js:112:23)
                    at Function.goto (/home/runner/work/jetpack/jetpack/tests/e2e/lib/pages/page.js:44:14)
                    at tryCatch (/home/runner/work/jetpack/jetpack/node_modules/regenerator-runtime/runtime.js:45:40)
                    at Generator.invoke [as _invoke] (/home/runner/work/jetpack/jetpack/node_modules/regenerator-runtime/runtime.js:274:22)
                    at Generator.prototype.&lt;computed> [as next] (/home/runner/work/jetpack/jetpack/node_modules/regenerator-runtime/runtime.js:97:21)
                    at asyncGeneratorStep (/home/runner/work/jetpack/jetpack/node_modules/@babel/runtime/helpers/asyncToGenerator.js:3:24)
                    at _next (/home/runner/work/jetpack/jetpack/node_modules/@babel/runtime/helpers/asyncToGenerator.js:25:9)
                    at /home/runner/work/jetpack/jetpack/node_modules/@babel/runtime/helpers/asyncToGenerator.js:32:7
                  -- ASYNC --
                    at Page.&lt;anonymous> (/home/runner/work/jetpack/jetpack/node_modules/puppeteer/lib/helper.js:111:15)
                    at Function.goto (/home/runner/work/jetpack/jetpack/tests/e2e/lib/pages/page.js:44:14)
                    at tryCatch (/home/runner/work/jetpack/jetpack/node_modules/regenerator-runtime/runtime.js:45:40)
                    at Generator.invoke [as _invoke] (/home/runner/work/jetpack/jetpack/node_modules/regenerator-runtime/runtime.js:274:22)
                    at Generator.prototype.&lt;computed> [as next] (/home/runner/work/jetpack/jetpack/node_modules/regenerator-runtime/runtime.js:97:21)
                    at asyncGeneratorStep (/home/runner/work/jetpack/jetpack/node_modules/@babel/runtime/helpers/asyncToGenerator.js:3:24)
                    at _next (/home/runner/work/jetpack/jetpack/node_modules/@babel/runtime/helpers/asyncToGenerator.js:25:9)
                    at /home/runner/work/jetpack/jetpack/node_modules/@babel/runtime/helpers/asyncToGenerator.js:32:7
                    at new Promise (&lt;anonymous>)
                    at Function.&lt;anonymous> (/home/runner/work/jetpack/jetpack/node_modules/@babel/runtime/helpers/asyncToGenerator.js:21:12)</stack-trace>
            </failure>
        </test-case>
    </test-cases>
</ns2:test-suite>