<?xml version='1.0'?>
<ns2:test-suite xmlns:ns2='urn:model.allure.qatools.yandex.ru' start='1603900696924' stop='1603900924816'>
    <name>Paid blocks</name>
    <title>Paid blocks</title>
    <test-cases>
        <test-case start='1603900737962' status='failed' stop='1603900774409'>
            <name>MailChimp Block</name>
            <title>MailChimp Block</title>
            <labels/>
            <parameters/>
            <steps>
                <step start='1603900737964' status='undefined'>
                    <name>Can visit the block editor and add a MailChimp block</name>
                    <title>Can visit the block editor and add a MailChimp block</title>
                    <attachments>
                        <attachment title='Test failed: Paid blocks :: MailChimp Block' source='9f123302-1138-460b-a647-6804710ecd6e-attachment.png' type='image/png' size='76249'/>
                    </attachments>
                    <steps/>
                </step>
            </steps>
            <attachments/>
            <failure>
                <message>TimeoutError: waiting for selector ".jetpack-connect__logged-in-form" failed: timeout 25000ms exceeded</message>
                <stack-trace>TimeoutError: waiting for selector ".jetpack-connect__logged-in-form" failed: timeout 25000ms exceeded
                    at new WaitTask (/home/runner/work/jetpack/jetpack/node_modules/puppeteer/lib/DOMWorld.js:549:28)
                    at DOMWorld._waitForSelectorOrXPath (/home/runner/work/jetpack/jetpack/node_modules/puppeteer/lib/DOMWorld.js:478:22)
                    at DOMWorld.waitForSelector (/home/runner/work/jetpack/jetpack/node_modules/puppeteer/lib/DOMWorld.js:432:17)
                    at Frame.waitForSelector (/home/runner/work/jetpack/jetpack/node_modules/puppeteer/lib/FrameManager.js:627:47)
                    at Frame.&lt;anonymous> (/home/runner/work/jetpack/jetpack/node_modules/puppeteer/lib/helper.js:112:23)
                    at Page.waitForSelector (/home/runner/work/jetpack/jetpack/node_modules/puppeteer/lib/Page.js:1122:29)
                    at waitForSelector (/home/runner/work/jetpack/jetpack/tests/e2e/lib/page-helper.js:33:30)
                    at tryCatch (/home/runner/work/jetpack/jetpack/node_modules/regenerator-runtime/runtime.js:45:40)
                    at Generator.invoke [as _invoke] (/home/runner/work/jetpack/jetpack/node_modules/regenerator-runtime/runtime.js:274:22)
                    at Generator.prototype.&lt;computed> [as next] (/home/runner/work/jetpack/jetpack/node_modules/regenerator-runtime/runtime.js:97:21)
                  -- ASYNC --
                    at Frame.&lt;anonymous> (/home/runner/work/jetpack/jetpack/node_modules/puppeteer/lib/helper.js:111:15)
                    at Page.waitForSelector (/home/runner/work/jetpack/jetpack/node_modules/puppeteer/lib/Page.js:1122:29)
                    at waitForSelector (/home/runner/work/jetpack/jetpack/tests/e2e/lib/page-helper.js:33:30)
                    at tryCatch (/home/runner/work/jetpack/jetpack/node_modules/regenerator-runtime/runtime.js:45:40)
                    at Generator.invoke [as _invoke] (/home/runner/work/jetpack/jetpack/node_modules/regenerator-runtime/runtime.js:274:22)
                    at Generator.prototype.&lt;computed> [as next] (/home/runner/work/jetpack/jetpack/node_modules/regenerator-runtime/runtime.js:97:21)
                    at asyncGeneratorStep (/home/runner/work/jetpack/jetpack/node_modules/@babel/runtime/helpers/asyncToGenerator.js:3:24)
                    at _next (/home/runner/work/jetpack/jetpack/node_modules/@babel/runtime/helpers/asyncToGenerator.js:25:9)
                    at /home/runner/work/jetpack/jetpack/node_modules/@babel/runtime/helpers/asyncToGenerator.js:32:7
                    at new Promise (&lt;anonymous>)</stack-trace>
            </failure>
        </test-case>
        <test-case start='1603900774410' status='failed' stop='1603900846443'>
            <name>Pay with PayPal</name>
            <title>Pay with PayPal</title>
            <labels/>
            <parameters/>
            <steps>
                <step start='1603900774411' status='undefined'>
                    <name>Can visit the block editor and add a Pay with PayPal block</name>
                    <title>Can visit the block editor and add a Pay with PayPal block</title>
                    <attachments>
                        <attachment title='Test failed: Paid blocks :: Pay with PayPal' source='22ee21e6-0198-4de5-bdd1-49762ca8c3ce-attachment.png' type='image/png' size='33843'/>
                    </attachments>
                    <steps/>
                </step>
            </steps>
            <attachments/>
            <failure>
                <message>TimeoutError: waiting for selector ".jetpack-connect__logged-in-form" failed: timeout 25000ms exceeded</message>
                <stack-trace>TimeoutError: waiting for selector ".jetpack-connect__logged-in-form" failed: timeout 25000ms exceeded
                    at new WaitTask (/home/runner/work/jetpack/jetpack/node_modules/puppeteer/lib/DOMWorld.js:549:28)
                    at DOMWorld._waitForSelectorOrXPath (/home/runner/work/jetpack/jetpack/node_modules/puppeteer/lib/DOMWorld.js:478:22)
                    at DOMWorld.waitForSelector (/home/runner/work/jetpack/jetpack/node_modules/puppeteer/lib/DOMWorld.js:432:17)
                    at Frame.waitForSelector (/home/runner/work/jetpack/jetpack/node_modules/puppeteer/lib/FrameManager.js:627:47)
                    at Frame.&lt;anonymous> (/home/runner/work/jetpack/jetpack/node_modules/puppeteer/lib/helper.js:112:23)
                    at Page.waitForSelector (/home/runner/work/jetpack/jetpack/node_modules/puppeteer/lib/Page.js:1122:29)
                    at waitForSelector (/home/runner/work/jetpack/jetpack/tests/e2e/lib/page-helper.js:33:30)
                    at tryCatch (/home/runner/work/jetpack/jetpack/node_modules/regenerator-runtime/runtime.js:45:40)
                    at Generator.invoke [as _invoke] (/home/runner/work/jetpack/jetpack/node_modules/regenerator-runtime/runtime.js:274:22)
                    at Generator.prototype.&lt;computed> [as next] (/home/runner/work/jetpack/jetpack/node_modules/regenerator-runtime/runtime.js:97:21)
                  -- ASYNC --
                    at Frame.&lt;anonymous> (/home/runner/work/jetpack/jetpack/node_modules/puppeteer/lib/helper.js:111:15)
                    at Page.waitForSelector (/home/runner/work/jetpack/jetpack/node_modules/puppeteer/lib/Page.js:1122:29)
                    at waitForSelector (/home/runner/work/jetpack/jetpack/tests/e2e/lib/page-helper.js:33:30)
                    at tryCatch (/home/runner/work/jetpack/jetpack/node_modules/regenerator-runtime/runtime.js:45:40)
                    at Generator.invoke [as _invoke] (/home/runner/work/jetpack/jetpack/node_modules/regenerator-runtime/runtime.js:274:22)
                    at Generator.prototype.&lt;computed> [as next] (/home/runner/work/jetpack/jetpack/node_modules/regenerator-runtime/runtime.js:97:21)
                    at asyncGeneratorStep (/home/runner/work/jetpack/jetpack/node_modules/@babel/runtime/helpers/asyncToGenerator.js:3:24)
                    at _next (/home/runner/work/jetpack/jetpack/node_modules/@babel/runtime/helpers/asyncToGenerator.js:25:9)
                    at /home/runner/work/jetpack/jetpack/node_modules/@babel/runtime/helpers/asyncToGenerator.js:32:7
                    at new Promise (&lt;anonymous>)</stack-trace>
            </failure>
        </test-case>
        <test-case start='1603900846443' status='failed' stop='1603900918045'>
            <name>WordAds block</name>
            <title>WordAds block</title>
            <labels/>
            <parameters/>
            <steps>
                <step start='1603900846444' status='undefined'>
                    <name>Can visit the block editor and add a WordAds block</name>
                    <title>Can visit the block editor and add a WordAds block</title>
                    <attachments>
                        <attachment title='Test failed: Paid blocks :: WordAds block' source='f518271e-8123-4077-826f-d0e430dba9f1-attachment.png' type='image/png' size='35459'/>
                    </attachments>
                    <steps/>
                </step>
            </steps>
            <attachments/>
            <failure>
                <message>TimeoutError: waiting for selector ".jetpack-connect__logged-in-form" failed: timeout 25000ms exceeded</message>
                <stack-trace>TimeoutError: waiting for selector ".jetpack-connect__logged-in-form" failed: timeout 25000ms exceeded
                    at new WaitTask (/home/runner/work/jetpack/jetpack/node_modules/puppeteer/lib/DOMWorld.js:549:28)
                    at DOMWorld._waitForSelectorOrXPath (/home/runner/work/jetpack/jetpack/node_modules/puppeteer/lib/DOMWorld.js:478:22)
                    at DOMWorld.waitForSelector (/home/runner/work/jetpack/jetpack/node_modules/puppeteer/lib/DOMWorld.js:432:17)
                    at Frame.waitForSelector (/home/runner/work/jetpack/jetpack/node_modules/puppeteer/lib/FrameManager.js:627:47)
                    at Frame.&lt;anonymous> (/home/runner/work/jetpack/jetpack/node_modules/puppeteer/lib/helper.js:112:23)
                    at Page.waitForSelector (/home/runner/work/jetpack/jetpack/node_modules/puppeteer/lib/Page.js:1122:29)
                    at waitForSelector (/home/runner/work/jetpack/jetpack/tests/e2e/lib/page-helper.js:33:30)
                    at tryCatch (/home/runner/work/jetpack/jetpack/node_modules/regenerator-runtime/runtime.js:45:40)
                    at Generator.invoke [as _invoke] (/home/runner/work/jetpack/jetpack/node_modules/regenerator-runtime/runtime.js:274:22)
                    at Generator.prototype.&lt;computed> [as next] (/home/runner/work/jetpack/jetpack/node_modules/regenerator-runtime/runtime.js:97:21)
                  -- ASYNC --
                    at Frame.&lt;anonymous> (/home/runner/work/jetpack/jetpack/node_modules/puppeteer/lib/helper.js:111:15)
                    at Page.waitForSelector (/home/runner/work/jetpack/jetpack/node_modules/puppeteer/lib/Page.js:1122:29)
                    at waitForSelector (/home/runner/work/jetpack/jetpack/tests/e2e/lib/page-helper.js:33:30)
                    at tryCatch (/home/runner/work/jetpack/jetpack/node_modules/regenerator-runtime/runtime.js:45:40)
                    at Generator.invoke [as _invoke] (/home/runner/work/jetpack/jetpack/node_modules/regenerator-runtime/runtime.js:274:22)
                    at Generator.prototype.&lt;computed> [as next] (/home/runner/work/jetpack/jetpack/node_modules/regenerator-runtime/runtime.js:97:21)
                    at asyncGeneratorStep (/home/runner/work/jetpack/jetpack/node_modules/@babel/runtime/helpers/asyncToGenerator.js:3:24)
                    at _next (/home/runner/work/jetpack/jetpack/node_modules/@babel/runtime/helpers/asyncToGenerator.js:25:9)
                    at /home/runner/work/jetpack/jetpack/node_modules/@babel/runtime/helpers/asyncToGenerator.js:32:7
                    at new Promise (&lt;anonymous>)</stack-trace>
            </failure>
        </test-case>
    </test-cases>
</ns2:test-suite>