<?xml version='1.0'?>
<ns2:test-suite xmlns:ns2='urn:model.allure.qatools.yandex.ru' start='1610474264296' stop='1610474357051'>
    <name>Jetpack pre-connection</name>
    <title>Jetpack pre-connection</title>
    <test-cases>
        <test-case start='1610474267773' status='failed' stop='1610474296614'>
            <name>Can find connect button on plugins page</name>
            <title>Can find connect button on plugins page</title>
            <labels/>
            <parameters/>
            <steps/>
            <attachments>
                <attachment title='Test failed: Jetpack pre-connection :: Can find connect button on plugins page' source='3a4e1404-7fdb-4c93-bc1c-8ae1f82a13fc-attachment.png' type='image/png' size='4214'/>
            </attachments>
            <failure>
                <message>Error: net::ERR_CERT_DATE_INVALID at https://evil-owl-66.a8c-localtunnel.cyou/wp-login.php</message>
                <stack-trace>Error: net::ERR_CERT_DATE_INVALID at https://evil-owl-66.a8c-localtunnel.cyou/wp-login.php
                    at navigate (/home/runner/work/jetpack/jetpack/node_modules/puppeteer/lib/cjs/puppeteer/common/FrameManager.js:115:23)
                    at processTicksAndRejections (internal/process/task_queues.js:97:5)
                    at FrameManager.navigateFrame (/home/runner/work/jetpack/jetpack/node_modules/puppeteer/lib/cjs/puppeteer/common/FrameManager.js:90:21)
                    at Frame.goto (/home/runner/work/jetpack/jetpack/node_modules/puppeteer/lib/cjs/puppeteer/common/FrameManager.js:417:16)
                    at Page.goto (/home/runner/work/jetpack/jetpack/node_modules/puppeteer/lib/cjs/puppeteer/common/Page.js:784:16)</stack-trace>
            </failure>
        </test-case>
        <test-case start='1610474296614' status='failed' stop='1610474325378'>
            <name>Can find connect button on dashboard page</name>
            <title>Can find connect button on dashboard page</title>
            <labels/>
            <parameters/>
            <steps/>
            <attachments>
                <attachment title='Test failed: Jetpack pre-connection :: Can find connect button on dashboard page' source='9a045195-de66-43f0-a012-4a31796d02aa-attachment.png' type='image/png' size='4214'/>
            </attachments>
            <failure>
                <message>Error: net::ERR_CERT_DATE_INVALID at https://evil-owl-66.a8c-localtunnel.cyou/wp-login.php</message>
                <stack-trace>Error: net::ERR_CERT_DATE_INVALID at https://evil-owl-66.a8c-localtunnel.cyou/wp-login.php
                    at navigate (/home/runner/work/jetpack/jetpack/node_modules/puppeteer/lib/cjs/puppeteer/common/FrameManager.js:115:23)
                    at processTicksAndRejections (internal/process/task_queues.js:97:5)
                    at FrameManager.navigateFrame (/home/runner/work/jetpack/jetpack/node_modules/puppeteer/lib/cjs/puppeteer/common/FrameManager.js:90:21)
                    at Frame.goto (/home/runner/work/jetpack/jetpack/node_modules/puppeteer/lib/cjs/puppeteer/common/FrameManager.js:417:16)
                    at Page.goto (/home/runner/work/jetpack/jetpack/node_modules/puppeteer/lib/cjs/puppeteer/common/Page.js:784:16)</stack-trace>
            </failure>
        </test-case>
        <test-case start='1610474325378' status='failed' stop='1610474354142'>
            <name>Can find connect button on Jetpack page</name>
            <title>Can find connect button on Jetpack page</title>
            <labels/>
            <parameters/>
            <steps/>
            <attachments>
                <attachment title='Test failed: Jetpack pre-connection :: Can find connect button on Jetpack page' source='276673cd-b8ba-4676-b5b8-8f9751abcd2b-attachment.png' type='image/png' size='4214'/>
            </attachments>
            <failure>
                <message>Error: net::ERR_CERT_DATE_INVALID at https://evil-owl-66.a8c-localtunnel.cyou/wp-login.php</message>
                <stack-trace>Error: net::ERR_CERT_DATE_INVALID at https://evil-owl-66.a8c-localtunnel.cyou/wp-login.php
                    at navigate (/home/runner/work/jetpack/jetpack/node_modules/puppeteer/lib/cjs/puppeteer/common/FrameManager.js:115:23)
                    at processTicksAndRejections (internal/process/task_queues.js:97:5)
                    at FrameManager.navigateFrame (/home/runner/work/jetpack/jetpack/node_modules/puppeteer/lib/cjs/puppeteer/common/FrameManager.js:90:21)
                    at Frame.goto (/home/runner/work/jetpack/jetpack/node_modules/puppeteer/lib/cjs/puppeteer/common/FrameManager.js:417:16)
                    at Page.goto (/home/runner/work/jetpack/jetpack/node_modules/puppeteer/lib/cjs/puppeteer/common/Page.js:784:16)</stack-trace>
            </failure>
        </test-case>
    </test-cases>
</ns2:test-suite>